{"meta": {"format": 2, "version": "7.4.3", "timestamp": "2024-04-11T13:27:03.236510", "branch_coverage": true, "show_contexts": false}, "files": {"AFL_base.py": {"executed_lines": [], "summary": {"covered_lines": 0, "num_statements": 88, "percent_covered": 0.0, "percent_covered_display": "0", "missing_lines": 88, "excluded_lines": 0, "num_branches": 30, "num_partial_branches": 0, "covered_branches": 0, "missing_branches": 30}, "missing_lines": [1, 2, 3, 4, 6, 7, 12, 13, 14, 15, 16, 17, 18, 20, 21, 23, 25, 26, 27, 28, 30, 32, 33, 34, 35, 37, 38, 40, 41, 42, 43, 45, 47, 61, 62, 65, 67, 70, 72, 73, 74, 75, 77, 79, 80, 93, 94, 96, 97, 99, 100, 102, 104, 105, 106, 107, 108, 110, 112, 114, 115, 117, 118, 119, 120, 121, 123, 124, 125, 126, 127, 129, 130, 132, 135, 136, 137, 138, 139, 140, 141, 142, 143, 144, 159, 160, 161, 162], "excluded_lines": [], "executed_branches": [], "missing_branches": [[27, 28], [27, 30], [33, 34], [33, 35], [38, 40], [38, 45], [41, 38], [41, 42], [74, -74], [74, 75], [107, 108], [107, 110], [110, 112], [110, 114], [114, 115], [114, 119], [115, 114], [115, 117], [124, 125], [124, 142], [127, 124], [127, 129], [137, 138], [137, 139], [139, 127], [139, 140], [143, -123], [143, 144], [161, -159], [161, 162]]}, "Mutator.py": {"executed_lines": [], "summary": {"covered_lines": 0, "num_statements": 41, "percent_covered": 0.0, "percent_covered_display": "0", "missing_lines": 41, "excluded_lines": 0, "num_branches": 14, "num_partial_branches": 0, "covered_branches": 0, "missing_branches": 14}, "missing_lines": [1, 2, 5, 7, 8, 18, 19, 20, 21, 22, 23, 25, 26, 27, 29, 30, 32, 33, 34, 35, 36, 37, 38, 39, 40, 42, 43, 44, 46, 47, 48, 50, 51, 53, 54, 56, 57, 59, 60, 62, 63], "excluded_lines": [], "executed_branches": [], "missing_branches": [[20, 21], [20, 30], [21, 22], [21, 29], [25, 26], [25, 27], [34, 35], [34, 48], [37, 38], [37, 47], [38, 39], [38, 46], [42, 43], [42, 44]]}, "api/__init__.py": {"executed_lines": [], "summary": {"covered_lines": 0, "num_statements": 1, "percent_covered": 0.0, "percent_covered_display": "0", "missing_lines": 1, "excluded_lines": 0, "num_branches": 0, "num_partial_branches": 0, "covered_branches": 0, "missing_branches": 0}, "missing_lines": [2], "excluded_lines": [], "executed_branches": [], "missing_branches": []}, "api/serializers.py": {"executed_lines": [], "summary": {"covered_lines": 0, "num_statements": 12, "percent_covered": 0.0, "percent_covered_display": "0", "missing_lines": 12, "excluded_lines": 0, "num_branches": 0, "num_partial_branches": 0, "covered_branches": 0, "missing_branches": 0}, "missing_lines": [1, 4, 6, 8, 9, 11, 12, 14, 15, 16, 17, 18], "excluded_lines": [], "executed_branches": [], "missing_branches": []}, "api/urls.py": {"executed_lines": [], "summary": {"covered_lines": 0, "num_statements": 4, "percent_covered": 0.0, "percent_covered_display": "0", "missing_lines": 4, "excluded_lines": 0, "num_branches": 0, "num_partial_branches": 0, "covered_branches": 0, "missing_branches": 0}, "missing_lines": [1, 2, 4, 7], "excluded_lines": [], "executed_branches": [], "missing_branches": []}, "api/views.py": {"executed_lines": [], "summary": {"covered_lines": 0, "num_statements": 44, "percent_covered": 0.0, "percent_covered_display": "0", "missing_lines": 44, "excluded_lines": 0, "num_branches": 8, "num_partial_branches": 0, "covered_branches": 0, "missing_branches": 8}, "missing_lines": [1, 2, 3, 4, 5, 6, 9, 12, 14, 16, 17, 19, 21, 23, 24, 25, 26, 30, 31, 36, 37, 38, 42, 43, 44, 45, 49, 54, 55, 56, 57, 58, 62, 63, 64, 68, 69, 74, 75, 76, 77, 78, 82, 83], "excluded_lines": [], "executed_branches": [], "missing_branches": [[25, 26], [25, 30], [37, 38], [37, 42], [38, -38], [38, -36], [63, 64], [63, 68]]}, "core/__init__.py": {"executed_lines": [1], "summary": {"covered_lines": 0, "num_statements": 0, "percent_covered": 100.0, "percent_covered_display": "100", "missing_lines": 0, "excluded_lines": 0, "num_branches": 0, "num_partial_branches": 0, "covered_branches": 0, "missing_branches": 0}, "missing_lines": [], "excluded_lines": [], "executed_branches": [], "missing_branches": []}, "core/asgi.py": {"executed_lines": [], "summary": {"covered_lines": 0, "num_statements": 4, "percent_covered": 0.0, "percent_covered_display": "0", "missing_lines": 4, "excluded_lines": 0, "num_branches": 0, "num_partial_branches": 0, "covered_branches": 0, "missing_branches": 0}, "missing_lines": [10, 12, 14, 16], "excluded_lines": [], "executed_branches": [], "missing_branches": []}, "core/settings.py": {"executed_lines": [1, 13, 14, 15, 17, 19, 22, 26, 27, 28, 31, 34, 35, 38, 40, 42, 43, 46, 63, 75, 77, 78, 80, 96, 98, 99, 100, 101, 102, 103, 105, 117, 140, 142, 144, 146, 148, 149, 151, 153, 164, 166, 167, 170, 176, 180], "summary": {"covered_lines": 45, "num_statements": 47, "percent_covered": 90.9090909090909, "percent_covered_display": "91", "missing_lines": 2, "excluded_lines": 0, "num_branches": 8, "num_partial_branches": 3, "covered_branches": 5, "missing_branches": 3}, "missing_lines": [44, 106], "excluded_lines": [], "executed_branches": [[27, 28], [28, -28], [28, 28], [28, 31], [43, 46], [105, 117]], "missing_branches": [[27, 31], [43, 44], [105, 106]]}, "core/urls.py": {"executed_lines": [], "summary": {"covered_lines": 0, "num_statements": 9, "percent_covered": 0.0, "percent_covered_display": "0", "missing_lines": 9, "excluded_lines": 0, "num_branches": 0, "num_partial_branches": 0, "covered_branches": 0, "missing_branches": 0}, "missing_lines": [16, 17, 18, 20, 29, 30, 31, 32, 33], "excluded_lines": [], "executed_branches": [], "missing_branches": []}, "core/wsgi.py": {"executed_lines": [], "summary": {"covered_lines": 0, "num_statements": 4, "percent_covered": 0.0, "percent_covered_display": "0", "missing_lines": 4, "excluded_lines": 0, "num_branches": 0, "num_partial_branches": 0, "covered_branches": 0, "missing_branches": 0}, "missing_lines": [10, 12, 14, 16], "excluded_lines": [], "executed_branches": [], "missing_branches": []}, "fill_table.py": {"executed_lines": [], "summary": {"covered_lines": 0, "num_statements": 21, "percent_covered": 0.0, "percent_covered_display": "0", "missing_lines": 21, "excluded_lines": 0, "num_branches": 2, "num_partial_branches": 0, "covered_branches": 0, "missing_branches": 2}, "missing_lines": [1, 2, 3, 6, 9, 11, 14, 15, 16, 19, 26, 30, 31, 32, 35, 36, 38, 39, 42, 43, 44], "excluded_lines": [], "executed_branches": [], "missing_branches": [[35, 36], [35, 42]]}, "get_request.py": {"executed_lines": [], "summary": {"covered_lines": 0, "num_statements": 14, "percent_covered": 0.0, "percent_covered_display": "0", "missing_lines": 14, "excluded_lines": 0, "num_branches": 2, "num_partial_branches": 0, "covered_branches": 0, "missing_branches": 2}, "missing_lines": [1, 4, 6, 8, 11, 15, 17, 20, 21, 23, 24, 26, 27, 28], "excluded_lines": [], "executed_branches": [], "missing_branches": [[20, 21], [20, 26]]}, "gunicorn-cfg.py": {"executed_lines": [], "summary": {"covered_lines": 0, "num_statements": 7, "percent_covered": 0.0, "percent_covered_display": "0", "missing_lines": 7, "excluded_lines": 0, "num_branches": 0, "num_partial_branches": 0, "covered_branches": 0, "missing_branches": 0}, "missing_lines": [2, 6, 7, 8, 9, 10, 11], "excluded_lines": [], "executed_branches": [], "missing_branches": []}, "home/__init__.py": {"executed_lines": [1], "summary": {"covered_lines": 0, "num_statements": 0, "percent_covered": 100.0, "percent_covered_display": "100", "missing_lines": 0, "excluded_lines": 0, "num_branches": 0, "num_partial_branches": 0, "covered_branches": 0, "missing_branches": 0}, "missing_lines": [], "excluded_lines": [], "executed_branches": [], "missing_branches": []}, "home/admin.py": {"executed_lines": [1, 3, 4, 8, 9, 10, 12], "summary": {"covered_lines": 7, "num_statements": 9, "percent_covered": 81.81818181818181, "percent_covered_display": "82", "missing_lines": 2, "excluded_lines": 0, "num_branches": 2, "num_partial_branches": 0, "covered_branches": 2, "missing_branches": 0}, "missing_lines": [14, 15], "excluded_lines": [], "executed_branches": [[9, -1], [9, 10]], "missing_branches": []}, "home/apps.py": {"executed_lines": [1, 4, 5, 6], "summary": {"covered_lines": 4, "num_statements": 4, "percent_covered": 100.0, "percent_covered_display": "100", "missing_lines": 0, "excluded_lines": 0, "num_branches": 0, "num_partial_branches": 0, "covered_branches": 0, "missing_branches": 0}, "missing_lines": [], "excluded_lines": [], "executed_branches": [], "missing_branches": []}, "home/models.py": {"executed_lines": [1, 4, 6, 7, 8, 9, 10, 13, 15], "summary": {"covered_lines": 8, "num_statements": 15, "percent_covered": 38.095238095238095, "percent_covered_display": "38", "missing_lines": 7, "excluded_lines": 2, "num_branches": 6, "num_partial_branches": 0, "covered_branches": 0, "missing_branches": 6}, "missing_lines": [17, 18, 20, 21, 23, 24, 26], "excluded_lines": [13, 14], "executed_branches": [], "missing_branches": [[17, 18], [17, 20], [20, 21], [20, 23], [23, 24], [23, 26]]}, "home/tests.py": {"executed_lines": [], "summary": {"covered_lines": 0, "num_statements": 1, "percent_covered": 0.0, "percent_covered_display": "0", "missing_lines": 1, "excluded_lines": 0, "num_branches": 0, "num_partial_branches": 0, "covered_branches": 0, "missing_branches": 0}, "missing_lines": [1], "excluded_lines": [], "executed_branches": [], "missing_branches": []}, "home/urls.py": {"executed_lines": [], "summary": {"covered_lines": 0, "num_statements": 4, "percent_covered": 0.0, "percent_covered_display": "0", "missing_lines": 4, "excluded_lines": 0, "num_branches": 0, "num_partial_branches": 0, "covered_branches": 0, "missing_branches": 0}, "missing_lines": [1, 2, 4, 6], "excluded_lines": [], "executed_branches": [], "missing_branches": []}, "home/views.py": {"executed_lines": [], "summary": {"covered_lines": 0, "num_statements": 13, "percent_covered": 0.0, "percent_covered_display": "0", "missing_lines": 13, "excluded_lines": 0, "num_branches": 0, "num_partial_branches": 0, "covered_branches": 0, "missing_branches": 0}, "missing_lines": [1, 2, 3, 4, 5, 7, 9, 11, 13, 17, 19, 20, 23], "excluded_lines": [], "executed_branches": [], "missing_branches": []}, "input_tracer.py": {"executed_lines": [], "summary": {"covered_lines": 0, "num_statements": 38, "percent_covered": 0.0, "percent_covered_display": "0", "missing_lines": 38, "excluded_lines": 0, "num_branches": 4, "num_partial_branches": 0, "covered_branches": 0, "missing_branches": 4}, "missing_lines": [3, 4, 5, 7, 8, 9, 10, 11, 12, 13, 16, 17, 19, 20, 21, 25, 27, 30, 38, 40, 42, 44, 49, 54, 56, 62, 66, 67, 68, 72, 73, 74, 75, 78, 79, 80, 83, 84], "excluded_lines": [], "executed_branches": [], "missing_branches": [[21, -19], [21, 25], [72, 73], [72, 78]]}, "mutator.py": {"executed_lines": [], "summary": {"covered_lines": 0, "num_statements": 27, "percent_covered": 0.0, "percent_covered_display": "0", "missing_lines": 27, "excluded_lines": 0, "num_branches": 6, "num_partial_branches": 0, "covered_branches": 0, "missing_branches": 6}, "missing_lines": [1, 3, 4, 6, 20, 21, 22, 24, 25, 27, 28, 30, 31, 32, 33, 35, 36, 41, 42, 45, 47, 48, 50, 51, 53, 59, 65], "excluded_lines": [], "executed_branches": [], "missing_branches": [[31, -27], [31, 32], [47, 48], [47, 59], [50, 51], [50, 53]]}, "run_with_coverage.py": {"executed_lines": [], "summary": {"covered_lines": 0, "num_statements": 33, "percent_covered": 0.0, "percent_covered_display": "0", "missing_lines": 33, "excluded_lines": 0, "num_branches": 2, "num_partial_branches": 0, "covered_branches": 0, "missing_branches": 2}, "missing_lines": [3, 4, 5, 6, 7, 8, 9, 10, 11, 18, 20, 23, 31, 33, 35, 37, 40, 43, 45, 47, 51, 52, 53, 55, 56, 57, 58, 61, 62, 63, 66, 67, 68], "excluded_lines": [], "executed_branches": [], "missing_branches": [[55, 56], [55, 61]]}, "run_with_trace.py": {"executed_lines": [], "summary": {"covered_lines": 0, "num_statements": 53, "percent_covered": 0.0, "percent_covered_display": "0", "missing_lines": 53, "excluded_lines": 0, "num_branches": 4, "num_partial_branches": 0, "covered_branches": 0, "missing_branches": 4}, "missing_lines": [1, 2, 3, 4, 5, 6, 7, 8, 9, 10, 11, 12, 14, 17, 18, 19, 21, 25, 26, 28, 32, 33, 36, 39, 43, 44, 47, 51, 52, 55, 58, 66, 68, 70, 72, 75, 78, 80, 82, 86, 87, 88, 90, 91, 92, 93, 96, 97, 98, 101, 102, 105, 106], "excluded_lines": [], "executed_branches": [], "missing_branches": [[19, 21], [19, 25], [90, 91], [90, 96]]}, "sendRequest.py": {"executed_lines": [], "summary": {"covered_lines": 0, "num_statements": 68, "percent_covered": 0.0, "percent_covered_display": "0", "missing_lines": 68, "excluded_lines": 0, "num_branches": 18, "num_partial_branches": 0, "covered_branches": 0, "missing_branches": 18}, "missing_lines": [1, 2, 3, 4, 5, 6, 7, 8, 9, 11, 12, 13, 14, 17, 19, 20, 21, 24, 26, 29, 32, 34, 40, 52, 54, 55, 57, 61, 62, 64, 65, 67, 68, 70, 71, 73, 74, 77, 79, 80, 82, 84, 86, 87, 88, 90, 91, 92, 93, 96, 97, 98, 100, 104, 106, 109, 110, 111, 112, 116, 117, 119, 120, 122, 123, 125, 128, 129], "excluded_lines": [], "executed_branches": [], "missing_branches": [[54, -54], [54, 55], [61, 62], [61, 64], [64, 65], [64, 67], [67, 68], [67, 70], [70, 71], [70, 73], [73, 74], [73, 77], [90, 91], [90, 96], [111, 112], [111, 116], [122, 123], [122, 125]]}, "sign_up.py": {"executed_lines": [], "summary": {"covered_lines": 0, "num_statements": 14, "percent_covered": 0.0, "percent_covered_display": "0", "missing_lines": 14, "excluded_lines": 0, "num_branches": 2, "num_partial_branches": 0, "covered_branches": 0, "missing_branches": 2}, "missing_lines": [1, 4, 6, 8, 10, 17, 19, 21, 22, 23, 24, 26, 27, 28], "excluded_lines": [], "executed_branches": [], "missing_branches": [[21, 22], [21, 26]]}, "targetInput.py": {"executed_lines": [], "summary": {"covered_lines": 0, "num_statements": 6, "percent_covered": 0.0, "percent_covered_display": "0", "missing_lines": 6, "excluded_lines": 0, "num_branches": 0, "num_partial_branches": 0, "covered_branches": 0, "missing_branches": 0}, "missing_lines": [1, 2, 5, 6, 7, 8], "excluded_lines": [], "executed_branches": [], "missing_branches": []}}, "totals": {"covered_lines": 64, "num_statements": 581, "percent_covered": 10.304789550072568, "percent_covered_display": "10", "missing_lines": 517, "excluded_lines": 2, "num_branches": 108, "num_partial_branches": 3, "covered_branches": 7, "missing_branches": 101}}