TN:
SF:/home/asset/zephyrproject/zephyr/include/zephyr/logging/log_msg.h
FN:709,z_log_msg_runtime_create
FNDA:0,z_log_msg_runtime_create
DA:709,0
DA:717,0
DA:718,0
DA:720,0
DA:721,0
end_of_record
SF:/home/asset/zephyrproject/zephyr/subsys/bluetooth/common/rpa.c
FN:43,internal_encrypt_le
FNDA:0,internal_encrypt_le
FN:56,ah
FNDA:0,ah
FN:85,bt_rpa_irk_matches
FNDA:0,bt_rpa_irk_matches
FN:123,bt_rpa_create
FNDA:0,bt_rpa_create
DA:43,0
DA:52,0
DA:56,0
DA:61,0
BRDA:61,0,0,-
BRDA:61,0,1,-
BRDA:61,0,2,-
BRDA:61,0,3,-
DA:62,0
BRDA:62,0,0,-
BRDA:62,0,1,-
BRDA:62,0,2,-
BRDA:62,0,3,-
DA:65,0
DA:66,0
DA:68,0
DA:69,0
BRDA:69,0,0,-
BRDA:69,0,1,-
DA:70,0
DA:79,0
DA:81,0
DA:85,0
DA:90,0
BRDA:90,0,0,-
BRDA:90,0,1,-
BRDA:90,0,2,-
BRDA:90,0,3,-
DA:92,0
DA:93,0
BRDA:93,0,0,-
BRDA:93,0,1,-
DA:94,0
DA:97,0
DA:123,0
DA:125,0
end_of_record
SF:/home/asset/zephyrproject/zephyr/include/zephyr/syscall.h
FN:115,k_is_user_context
FNDA:0,k_is_user_context
DA:115,0
DA:120,0
end_of_record
TN:
SF:/home/asset/zephyrproject/zephyr/subsys/bluetooth/common/bt_str.c
FN:19,bt_hex
FNDA:0,bt_hex
FN:38,bt_addr_str
FNDA:0,bt_addr_str
FN:47,bt_addr_le_str
FNDA:1,bt_addr_le_str
FN:56,bt_uuid_str
FNDA:0,bt_uuid_str
DA:19,0
DA:23,0
DA:26,0
DA:28,0
BRDA:28,0,0,-
BRDA:28,0,1,-
DA:29,0
DA:30,0
DA:33,0
DA:35,0
DA:38,0
DA:42,0
DA:44,0
DA:47,1
DA:51,1
DA:53,1
DA:56,0
DA:60,0
DA:62,0
end_of_record
SF:/home/asset/zephyrproject/zephyr/include/zephyr/bluetooth/addr.h
FN:225,bt_addr_to_str
FNDA:0,bt_addr_to_str
FN:242,bt_addr_le_to_str
FNDA:1,bt_addr_le_to_str
DA:225,0
DA:227,0
DA:228,0
DA:229,0
DA:242,1
DA:247,1
BRDA:247,0,0,0
BRDA:247,0,1,1
BRDA:247,0,2,0
BRDA:247,0,3,0
BRDA:247,0,4,0
DA:248,0
DA:249,0
DA:250,0
DA:251,1
DA:252,1
DA:253,1
DA:254,0
DA:255,0
DA:256,0
DA:257,0
DA:258,0
DA:259,0
DA:260,0
DA:261,0
DA:262,0
DA:265,2
DA:266,1
DA:267,1
end_of_record
TN:
SF:/home/asset/zephyrproject/zephyr/include/zephyr/sys/atomic.h
FN:209,atomic_set_bit
FNDA:3,atomic_set_bit
DA:209,3
DA:211,3
DA:213,3
DA:214,3
end_of_record
SF:/home/asset/zephyrproject/zephyr/include/zephyr/sys/atomic_builtin.h
FN:68,atomic_set
FNDA:3,atomic_set
FN:82,atomic_clear
FNDA:3,atomic_clear
FN:92,atomic_or
FNDA:3,atomic_or
DA:68,3
DA:74,3
DA:82,3
DA:84,3
DA:92,3
DA:94,3
end_of_record
SF:/home/asset/zephyrproject/zephyr/subsys/bluetooth/host/l2cap.c
FN:90,bt_l2cap_register_ecred_cb
FNDA:0,bt_l2cap_register_ecred_cb
FN:95,get_ident
FNDA:0,get_ident
FN:155,bt_l2cap_chan_remove
FNDA:0,bt_l2cap_chan_remove
FN:170,bt_l2cap_chan_state_str
FNDA:0,bt_l2cap_chan_state_str
FN:242,bt_l2cap_chan_del
FNDA:0,bt_l2cap_chan_del
FN:306,bt_l2cap_chan_add
FNDA:3,bt_l2cap_chan_add
FN:317,l2cap_chan_add
FNDA:3,l2cap_chan_add
FN:356,bt_l2cap_connected
FNDA:1,bt_l2cap_connected
FN:398,bt_l2cap_disconnected
FNDA:0,bt_l2cap_disconnected
FN:407,l2cap_create_le_sig_pdu
FNDA:0,l2cap_create_le_sig_pdu
FN:441,l2cap_send
FNDA:0,l2cap_send
FN:599,bt_l2cap_security_changed
FNDA:0,bt_l2cap_security_changed
FN:620,bt_l2cap_create_pdu_timeout
FNDA:11,bt_l2cap_create_pdu_timeout
FN:629,bt_l2cap_send_cb
FNDA:37,bt_l2cap_send_cb
FN:643,l2cap_send_reject
FNDA:0,l2cap_send_reject
FN:665,le_conn_param_rsp
FNDA:0,le_conn_param_rsp
FN:677,le_conn_param_update_req
FNDA:0,le_conn_param_update_req
FN:732,bt_l2cap_le_lookup_tx_cid
FNDA:0,bt_l2cap_le_lookup_tx_cid
FN:746,bt_l2cap_le_lookup_rx_cid
FNDA:37,bt_l2cap_le_lookup_rx_cid
FN:2095,l2cap_recv
FNDA:0,l2cap_recv
FN:2635,l2cap_chan_recv
FNDA:37,l2cap_chan_recv
FN:2662,bt_l2cap_recv
FNDA:37,bt_l2cap_recv
FN:2695,bt_l2cap_update_conn_param
FNDA:0,bt_l2cap_update_conn_param
FN:2716,l2cap_connected
FNDA:1,l2cap_connected
FN:2721,l2cap_disconnected
FNDA:0,l2cap_disconnected
FN:2736,l2cap_accept
FNDA:1,l2cap_accept
FN:2767,bt_l2cap_init
FNDA:1,bt_l2cap_init
DA:90,0
DA:92,0
DA:93,0
DA:95,0
DA:99,0
DA:101,0
BRDA:101,0,0,-
BRDA:101,0,1,-
DA:102,0
DA:105,0
DA:155,0
DA:158,0
DA:160,0
BRDA:160,0,0,-
BRDA:160,0,1,-
BRDA:160,0,2,-
BRDA:160,0,3,-
BRDA:160,0,4,-
BRDA:160,0,5,-
DA:161,0
BRDA:161,0,0,-
BRDA:161,0,1,-
DA:162,0
DA:163,0
DA:166,0
BRDA:166,0,0,-
BRDA:166,0,1,-
DA:170,0
DA:172,0
BRDA:172,0,0,-
BRDA:172,0,1,-
BRDA:172,0,2,-
BRDA:172,0,3,-
BRDA:172,0,4,-
BRDA:172,0,5,-
DA:173,0
DA:174,0
DA:175,0
DA:176,0
DA:177,0
DA:178,0
DA:179,0
DA:180,0
DA:181,0
DA:182,0
DA:183,0
DA:184,0
DA:242,0
DA:244,0
DA:246,0
BRDA:246,0,0,-
BRDA:246,0,1,-
BRDA:246,0,2,-
BRDA:246,0,3,-
DA:248,0
BRDA:248,0,0,-
BRDA:248,0,1,-
DA:249,0
DA:252,0
BRDA:252,0,0,-
BRDA:252,0,1,-
DA:253,0
DA:256,0
DA:258,0
DA:264,0
BRDA:264,0,0,-
BRDA:264,0,1,-
DA:265,0
DA:268,0
BRDA:268,0,0,-
BRDA:268,0,1,-
DA:269,0
DA:271,0
DA:306,3
DA:310,3
DA:311,3
DA:312,3
DA:314,3
BRDA:314,0,0,3
BRDA:314,0,1,0
BRDA:314,0,2,0
BRDA:314,0,3,0
DA:315,3
DA:317,3
DA:325,3
DA:328,3
BRDA:328,0,0,0
BRDA:328,0,1,3
DA:329,0
BRDA:329,0,0,-
BRDA:329,0,1,-
BRDA:329,0,2,-
BRDA:329,0,3,-
DA:330,0
DA:333,3
DA:335,3
DA:353,3
DA:356,1
DA:363,0
DA:366,4
BRDA:366,0,0,3
BRDA:366,0,1,1
DA:369,3
BRDA:369,0,0,0
BRDA:369,0,1,3
DA:370,0
DA:373,3
DA:378,3
DA:379,3
DA:381,3
BRDA:381,0,0,0
BRDA:381,0,1,3
DA:382,0
DA:385,3
BRDA:385,0,0,3
BRDA:385,0,1,0
DA:386,3
DA:390,3
DA:392,3
BRDA:392,0,0,1
BRDA:392,0,1,2
DA:393,1
DA:398,0
DA:402,0
BRDA:402,0,0,-
BRDA:402,0,1,-
BRDA:402,0,2,-
BRDA:402,0,3,-
BRDA:402,0,4,-
BRDA:402,0,5,-
BRDA:402,0,6,-
BRDA:402,0,7,-
BRDA:402,0,8,-
BRDA:402,0,9,-
BRDA:402,0,10,-
BRDA:402,0,11,-
DA:403,0
DA:405,0
DA:407,0
DA:411,0
DA:420,0
DA:421,0
BRDA:421,0,0,-
BRDA:421,0,1,-
DA:425,0
BRDA:425,0,0,-
BRDA:425,0,1,-
BRDA:425,0,2,-
BRDA:425,0,3,-
DA:426,0
DA:429,0
DA:430,0
DA:431,0
DA:432,0
DA:434,0
DA:441,0
DA:443,0
DA:445,0
BRDA:445,0,0,-
BRDA:445,0,1,-
DA:446,0
DA:449,0
DA:599,0
DA:609,0
BRDA:609,0,0,-
BRDA:609,0,1,-
BRDA:609,0,2,-
BRDA:609,0,3,-
BRDA:609,0,4,-
BRDA:609,0,5,-
BRDA:609,0,6,-
BRDA:609,0,7,-
BRDA:609,0,8,-
BRDA:609,0,9,-
BRDA:609,0,10,-
BRDA:609,0,11,-
DA:614,0
BRDA:614,0,0,-
BRDA:614,0,1,-
DA:615,0
DA:620,11
DA:624,11
DA:629,37
DA:634,37
BRDA:634,0,0,37
BRDA:634,0,1,0
BRDA:634,0,2,0
BRDA:634,0,3,0
DA:636,37
DA:637,37
DA:638,37
DA:640,37
DA:643,0
DA:649,0
DA:650,0
DA:651,0
BRDA:651,0,0,-
BRDA:651,0,1,-
DA:652,0
DA:655,0
DA:656,0
DA:658,0
BRDA:658,0,0,-
BRDA:658,0,1,-
DA:659,0
DA:662,0
DA:665,0
DA:667,0
DA:669,0
BRDA:669,0,0,-
BRDA:669,0,1,-
DA:670,0
BRDA:670,0,0,-
BRDA:670,0,1,-
BRDA:670,0,2,-
BRDA:670,0,3,-
DA:671,0
DA:674,0
BRDA:674,0,0,-
BRDA:674,0,1,-
BRDA:674,0,2,-
BRDA:674,0,3,-
DA:677,0
DA:680,0
DA:683,0
DA:686,0
BRDA:686,0,0,-
BRDA:686,0,1,-
DA:687,0
BRDA:687,0,0,-
BRDA:687,0,1,-
BRDA:687,0,2,-
BRDA:687,0,3,-
DA:688,0
DA:691,0
BRDA:691,0,0,-
BRDA:691,0,1,-
DA:692,0
BRDA:692,0,0,-
BRDA:692,0,1,-
BRDA:692,0,2,-
BRDA:692,0,3,-
DA:693,0
DA:696,0
BRDA:696,0,0,-
BRDA:696,0,1,-
DA:697,0
DA:699,0
DA:702,0
DA:703,0
DA:704,0
DA:705,0
DA:707,0
BRDA:707,0,0,-
BRDA:707,0,1,-
BRDA:707,0,2,-
BRDA:707,0,3,-
DA:710,0
DA:712,0
BRDA:712,0,0,-
BRDA:712,0,1,-
DA:713,0
DA:716,0
DA:718,0
DA:719,0
BRDA:719,0,0,-
BRDA:719,0,1,-
DA:720,0
DA:722,0
DA:725,0
DA:727,0
BRDA:727,0,0,-
BRDA:727,0,1,-
DA:728,0
DA:732,0
DA:737,0
BRDA:737,0,0,-
BRDA:737,0,1,-
BRDA:737,0,2,-
BRDA:737,0,3,-
BRDA:737,0,4,-
BRDA:737,0,5,-
BRDA:737,0,6,-
BRDA:737,0,7,-
DA:738,0
BRDA:738,0,0,-
BRDA:738,0,1,-
DA:739,0
DA:743,0
DA:746,37
DA:751,111
BRDA:751,0,0,37
BRDA:751,0,1,0
BRDA:751,0,2,74
BRDA:751,0,3,0
BRDA:751,0,4,74
BRDA:751,0,5,0
BRDA:751,0,6,111
BRDA:751,0,7,0
DA:752,111
BRDA:752,0,0,37
BRDA:752,0,1,74
DA:753,37
DA:757,0
DA:2095,0
DA:2097,0
DA:2098,0
DA:2102,0
BRDA:2102,0,0,-
BRDA:2102,0,1,-
DA:2103,0
BRDA:2103,0,0,-
BRDA:2103,0,1,-
BRDA:2103,0,2,-
BRDA:2103,0,3,-
DA:2104,0
DA:2107,0
DA:2108,0
DA:2110,0
BRDA:2110,0,0,-
BRDA:2110,0,1,-
BRDA:2110,0,2,-
BRDA:2110,0,3,-
DA:2112,0
BRDA:2112,0,0,-
BRDA:2112,0,1,-
DA:2113,0
BRDA:2113,0,0,-
BRDA:2113,0,1,-
BRDA:2113,0,2,-
BRDA:2113,0,3,-
DA:2114,0
DA:2117,0
BRDA:2117,0,0,-
BRDA:2117,0,1,-
DA:2118,0
BRDA:2118,0,0,-
BRDA:2118,0,1,-
BRDA:2118,0,2,-
BRDA:2118,0,3,-
DA:2119,0
DA:2122,0
BRDA:2122,0,0,-
BRDA:2122,0,1,-
BRDA:2122,0,2,-
BRDA:2122,0,3,-
DA:2123,0
DA:2124,0
DA:2125,0
DA:2160,0
DA:2162,0
DA:2164,0
DA:2171,0
BRDA:2171,0,0,-
BRDA:2171,0,1,-
BRDA:2171,0,2,-
BRDA:2171,0,3,-
DA:2172,0
DA:2174,0
DA:2177,0
DA:2635,37
DA:2656,37
BRDA:2656,0,0,37
BRDA:2656,0,1,0
BRDA:2656,0,2,0
BRDA:2656,0,3,0
DA:2658,37
DA:2659,37
DA:2660,37
DA:2662,37
DA:2674,37
BRDA:2674,0,0,0
BRDA:2674,0,1,37
DA:2675,0
BRDA:2675,0,0,-
BRDA:2675,0,1,-
BRDA:2675,0,2,-
BRDA:2675,0,3,-
DA:2676,0
DA:2677,0
DA:2680,37
DA:2681,37
DA:2683,37
BRDA:2683,0,0,37
BRDA:2683,0,1,0
BRDA:2683,0,2,0
BRDA:2683,0,3,0
DA:2685,37
DA:2686,37
BRDA:2686,0,0,0
BRDA:2686,0,1,37
DA:2687,0
BRDA:2687,0,0,-
BRDA:2687,0,1,-
BRDA:2687,0,2,-
BRDA:2687,0,3,-
DA:2688,0
DA:2689,0
DA:2692,37
DA:2695,0
DA:2701,0
DA:2702,0
DA:2703,0
BRDA:2703,0,0,-
BRDA:2703,0,1,-
DA:2704,0
DA:2707,0
DA:2708,0
DA:2709,0
DA:2710,0
DA:2711,0
DA:2713,0
DA:2716,1
DA:2718,1
BRDA:2718,0,0,1
BRDA:2718,0,1,0
BRDA:2718,0,2,0
BRDA:2718,0,3,0
DA:2719,1
DA:2721,0
DA:2723,0
DA:2725,0
BRDA:2725,0,0,-
BRDA:2725,0,1,-
BRDA:2725,0,2,-
BRDA:2725,0,3,-
DA:2734,0
DA:2736,1
DA:2745,1
BRDA:2745,0,0,1
BRDA:2745,0,1,0
BRDA:2745,0,2,0
BRDA:2745,0,3,0
DA:2747,1
BRDA:2747,0,0,1
BRDA:2747,0,1,0
DA:2748,1
DA:2750,1
BRDA:2750,0,0,0
BRDA:2750,0,1,1
DA:2751,0
DA:2754,1
DA:2755,1
DA:2757,1
DA:2760,0
BRDA:2760,0,0,-
BRDA:2760,0,1,-
BRDA:2760,0,2,-
BRDA:2760,0,3,-
DA:2762,0
DA:2767,1
DA:2772,1
end_of_record
SF:/home/asset/zephyrproject/zephyr/include/zephyr/syscall.h
FN:115,k_is_user_context
FNDA:0,k_is_user_context
DA:115,0
DA:120,0
end_of_record
SF:/home/asset/zephyrproject/zephyr/include/zephyr/net/buf.h
FN:1494,net_buf_add
FNDA:0,net_buf_add
FN:1511,net_buf_add_mem
FNDA:0,net_buf_add_mem
FN:1874,net_buf_push
FNDA:37,net_buf_push
FN:2077,net_buf_pull_mem
FNDA:37,net_buf_pull_mem
FN:2471,net_buf_frags_len
FNDA:0,net_buf_frags_len
DA:1494,0
DA:1496,0
DA:1511,0
DA:1514,0
DA:1874,37
DA:1876,37
DA:2077,37
DA:2079,37
DA:2471,0
DA:2473,0
DA:2475,0
BRDA:2475,0,0,-
BRDA:2475,0,1,-
DA:2476,0
DA:2477,0
DA:2480,0
end_of_record
SF:/home/asset/zephyrproject/zephyr/subsys/bluetooth/host/l2cap_internal.h
FN:220,bt_l2cap_send
FNDA:0,bt_l2cap_send
DA:220,0
DA:223,0
end_of_record
SF:/home/asset/zephyrproject/zephyr/include/zephyr/sys/slist.h
FN:211,z_snode_next_peek
FNDA:148,z_snode_next_peek
FN:216,z_snode_next_set
FNDA:5,z_snode_next_set
FN:221,z_slist_head_set
FNDA:1,z_slist_head_set
FN:226,z_slist_tail_set
FNDA:3,z_slist_tail_set
FN:238,sys_slist_peek_head
FNDA:74,sys_slist_peek_head
FN:250,sys_slist_peek_tail
FNDA:5,sys_slist_peek_tail
FN:281,sys_slist_peek_next_no_check
FNDA:148,sys_slist_peek_next_no_check
FN:292,sys_slist_peek_next
FNDA:148,sys_slist_peek_next
FN:318,sys_slist_append
FNDA:3,sys_slist_append
FN:408,sys_slist_remove
FNDA:0,sys_slist_remove
DA:211,148
DA:213,148
DA:216,5
DA:218,5
DA:219,5
DA:221,1
DA:223,1
DA:224,1
DA:226,3
DA:228,3
DA:229,3
DA:238,74
DA:240,74
DA:250,5
DA:252,5
DA:281,148
DA:292,148
BRDA:292,0,0,148
BRDA:292,0,1,0
DA:318,3
BRDA:318,0,0,1
BRDA:318,0,1,2
DA:408,0
BRDA:408,0,0,-
BRDA:408,0,1,-
BRDA:408,0,2,-
BRDA:408,0,3,-
BRDA:408,0,4,-
BRDA:408,0,5,-
end_of_record
SF:/home/asset/zephyrproject/zephyr/include/zephyr/logging/log_msg.h
FN:709,z_log_msg_runtime_create
FNDA:0,z_log_msg_runtime_create
DA:709,0
DA:717,0
DA:718,0
DA:720,0
DA:721,0
end_of_record
TN:
SF:/home/asset/zephyrproject/zephyr/include/zephyr/sys/byteorder.h
FN:612,sys_memcpy_swap
FNDA:0,sys_memcpy_swap
FN:638,sys_mem_swap
FNDA:0,sys_mem_swap
DA:612,0
DA:614,0
DA:615,0
DA:621,0
DA:623,0
BRDA:623,0,0,-
BRDA:623,0,1,-
DA:624,0
DA:626,0
DA:638,0
DA:642,0
BRDA:642,0,0,-
BRDA:642,0,1,-
DA:643,0
DA:645,0
DA:646,0
DA:648,0
end_of_record
SF:/home/asset/zephyrproject/zephyr/subsys/bluetooth/host/crypto.c
FN:35,prng_reseed
FNDA:1,prng_reseed
FN:58,prng_init
FNDA:1,prng_init
FN:79,bt_rand
FNDA:1,bt_rand
FN:114,bt_encrypt_le
FNDA:0,bt_encrypt_le
FN:146,bt_encrypt_be
FNDA:0,bt_encrypt_be
DA:35,1
DA:41,1
DA:42,1
BRDA:42,0,0,0
BRDA:42,0,1,1
DA:43,0
DA:46,1
DA:48,1
DA:50,1
BRDA:50,0,0,0
BRDA:50,0,1,1
DA:51,0
BRDA:51,0,0,-
BRDA:51,0,1,-
BRDA:51,0,2,-
BRDA:51,0,3,-
DA:52,0
DA:55,1
DA:58,1
DA:63,1
DA:64,1
BRDA:64,0,0,0
BRDA:64,0,1,1
DA:65,0
DA:68,1
DA:69,1
BRDA:69,0,0,0
BRDA:69,0,1,1
DA:70,0
BRDA:70,0,0,-
BRDA:70,0,1,-
BRDA:70,0,2,-
BRDA:70,0,3,-
DA:71,0
DA:75,1
DA:79,1
DA:83,1
BRDA:83,0,0,1
BRDA:83,0,1,0
BRDA:83,0,2,0
BRDA:83,0,3,1
DA:84,0
DA:87,1
DA:88,1
BRDA:88,0,0,0
BRDA:88,0,1,1
DA:89,0
DA:90,0
BRDA:90,0,0,-
BRDA:90,0,1,-
DA:91,0
DA:94,0
DA:97,1
BRDA:97,0,0,1
BRDA:97,0,1,0
DA:98,1
DA:101,0
DA:114,0
DA:120,0
BRDA:120,0,0,-
BRDA:120,0,1,-
BRDA:120,0,2,-
BRDA:120,0,3,-
BRDA:120,0,4,-
BRDA:120,0,5,-
DA:121,0
DA:124,0
BRDA:124,0,0,-
BRDA:124,0,1,-
BRDA:124,0,2,-
BRDA:124,0,3,-
DA:125,0
BRDA:125,0,0,-
BRDA:125,0,1,-
BRDA:125,0,2,-
BRDA:125,0,3,-
DA:127,0
DA:129,0
BRDA:129,0,0,-
BRDA:129,0,1,-
DA:130,0
DA:133,0
DA:135,0
BRDA:135,0,0,-
BRDA:135,0,1,-
DA:136,0
DA:139,0
DA:141,0
BRDA:141,0,0,-
BRDA:141,0,1,-
BRDA:141,0,2,-
BRDA:141,0,3,-
DA:143,0
DA:146,0
DA:151,0
BRDA:151,0,0,-
BRDA:151,0,1,-
BRDA:151,0,2,-
BRDA:151,0,3,-
BRDA:151,0,4,-
BRDA:151,0,5,-
DA:152,0
DA:155,0
BRDA:155,0,0,-
BRDA:155,0,1,-
BRDA:155,0,2,-
BRDA:155,0,3,-
DA:156,0
BRDA:156,0,0,-
BRDA:156,0,1,-
BRDA:156,0,2,-
BRDA:156,0,3,-
DA:158,0
BRDA:158,0,0,-
BRDA:158,0,1,-
DA:159,0
DA:162,0
BRDA:162,0,0,-
BRDA:162,0,1,-
DA:163,0
DA:166,0
BRDA:166,0,0,-
BRDA:166,0,1,-
BRDA:166,0,2,-
BRDA:166,0,3,-
DA:168,0
end_of_record
SF:/home/asset/zephyrproject/build/zephyr/include/generated/syscalls/kernel.h
FN:599,k_uptime_ticks
FNDA:1,k_uptime_ticks
DA:599,1
DA:608,1
DA:609,1
end_of_record
SF:/home/asset/zephyrproject/zephyr/include/zephyr/kernel.h
FN:1746,k_uptime_get
FNDA:1,k_uptime_get
DA:1746,1
DA:1748,1
end_of_record
SF:/home/asset/zephyrproject/zephyr/include/zephyr/logging/log_msg.h
FN:709,z_log_msg_runtime_create
FNDA:0,z_log_msg_runtime_create
DA:709,0
DA:717,0
DA:718,0
DA:720,0
DA:721,0
end_of_record
SF:/home/asset/zephyrproject/zephyr/include/zephyr/syscall.h
FN:115,k_is_user_context
FNDA:0,k_is_user_context
DA:115,0
DA:120,0
end_of_record
TN:
SF:/home/asset/zephyrproject/zephyr/include/zephyr/sys/util.h
FN:673,mem_xor_n
FNDA:0,mem_xor_n
FN:699,mem_xor_128
FNDA:0,mem_xor_128
DA:673,0
DA:675,0
BRDA:675,0,0,-
BRDA:675,0,1,-
DA:676,0
DA:678,0
DA:699,0
DA:701,0
DA:702,0
end_of_record
SF:/home/asset/zephyrproject/zephyr/include/zephyr/syscall.h
FN:115,k_is_user_context
FNDA:0,k_is_user_context
DA:115,0
DA:120,0
end_of_record
SF:/home/asset/zephyrproject/zephyr/include/zephyr/net/buf.h
FN:809,net_buf_simple_tail
FNDA:0,net_buf_simple_tail
FN:1494,net_buf_add
FNDA:0,net_buf_add
FN:2077,net_buf_pull_mem
FNDA:0,net_buf_pull_mem
FN:2298,net_buf_tail
FNDA:0,net_buf_tail
DA:809,0
DA:811,0
DA:1494,0
DA:1496,0
DA:2077,0
DA:2079,0
DA:2298,0
DA:2300,0
end_of_record
SF:/home/asset/zephyrproject/zephyr/include/zephyr/sys/atomic_builtin.h
FN:22,atomic_cas
FNDA:0,atomic_cas
FN:30,atomic_ptr_cas
FNDA:0,atomic_ptr_cas
FN:58,atomic_get
FNDA:0,atomic_get
FN:63,atomic_ptr_get
FNDA:0,atomic_ptr_get
FN:68,atomic_set
FNDA:3,atomic_set
FN:77,atomic_ptr_set
FNDA:1,atomic_ptr_set
FN:92,atomic_or
FNDA:1,atomic_or
FN:102,atomic_and
FNDA:0,atomic_and
DA:22,0
DA:25,0
DA:30,0
DA:33,0
DA:58,0
DA:60,0
DA:63,0
DA:65,0
DA:68,3
DA:74,3
DA:77,1
DA:79,1
DA:92,1
DA:94,1
DA:102,0
DA:104,0
end_of_record
SF:/home/asset/zephyrproject/zephyr/include/zephyr/kernel.h
FN:4037,k_work_delayable_from_work
FNDA:0,k_work_delayable_from_work
DA:4037,0
DA:4039,0
end_of_record
SF:/home/asset/zephyrproject/zephyr/include/zephyr/sys/byteorder.h
FN:383,sys_put_le16
FNDA:0,sys_put_le16
FN:413,sys_put_le32
FNDA:0,sys_put_le32
FN:612,sys_memcpy_swap
FNDA:0,sys_memcpy_swap
FN:638,sys_mem_swap
FNDA:0,sys_mem_swap
DA:383,0
DA:385,0
DA:386,0
DA:387,0
DA:413,0
DA:415,0
DA:416,0
DA:417,0
DA:612,0
DA:614,0
DA:615,0
DA:621,0
DA:623,0
BRDA:623,0,0,-
BRDA:623,0,1,-
DA:624,0
DA:626,0
DA:638,0
DA:642,0
BRDA:642,0,0,-
BRDA:642,0,1,-
DA:643,0
DA:645,0
DA:646,0
DA:648,0
end_of_record
SF:/home/asset/zephyrproject/zephyr/include/zephyr/sys/slist.h
FN:211,z_snode_next_peek
FNDA:0,z_snode_next_peek
FN:238,sys_slist_peek_head
FNDA:0,sys_slist_peek_head
FN:281,sys_slist_peek_next_no_check
FNDA:0,sys_slist_peek_next_no_check
FN:292,sys_slist_peek_next
FNDA:0,sys_slist_peek_next
DA:211,0
DA:213,0
DA:238,0
DA:240,0
DA:281,0
DA:292,0
BRDA:292,0,0,-
BRDA:292,0,1,-
end_of_record
SF:/home/asset/zephyrproject/zephyr/subsys/bluetooth/host/l2cap_internal.h
FN:220,bt_l2cap_send
FNDA:0,bt_l2cap_send
DA:220,0
DA:223,0
end_of_record
SF:/home/asset/zephyrproject/zephyr/subsys/bluetooth/host/smp.c
FN:299,le_sc_supported
FNDA:1,le_sc_supported
FN:314,latch_auth_cb
FNDA:0,latch_auth_cb
FN:322,latch_bondable
FNDA:0,latch_bondable
FN:329,get_io_capa
FNDA:0,get_io_capa
FN:375,smp_keys_check
FNDA:0,smp_keys_check
FN:411,get_pair_method
FNDA:0,get_pair_method
FN:447,security_err_get
FNDA:0,security_err_get
FN:477,smp_err_get
FNDA:0,smp_err_get
FN:502,smp_create_pdu
FNDA:0,smp_create_pdu
FN:533,get_encryption_key_size
FNDA:0,get_encryption_key_size
FN:551,update_keys_check
FNDA:0,update_keys_check
FN:595,update_debug_keys_check
FNDA:0,update_debug_keys_check
FN:623,smp_check_complete
FNDA:0,smp_check_complete
FN:673,smp_sign_info_sent
FNDA:0,smp_sign_info_sent
FN:1595,smp_reset
FNDA:1,smp_reset
FN:1624,hci_err_get
FNDA:0,hci_err_get
FN:1647,smp_pairing_complete
FNDA:0,smp_pairing_complete
FN:1733,smp_timeout
FNDA:0,smp_timeout
FN:1748,smp_send
FNDA:0,smp_send
FN:1765,smp_error
FNDA:0,smp_error
FN:1813,smp_send_pairing_random
FNDA:0,smp_send_pairing_random
FN:1832,smp_c1
FNDA:0,smp_c1
FN:1878,smp_send_pairing_confirm
FNDA:0,smp_send_pairing_confirm
FN:1926,smp_ident_sent
FNDA:0,smp_ident_sent
FN:1933,legacy_distribute_keys
FNDA:0,legacy_distribute_keys
FN:1999,bt_smp_distribute_keys
FNDA:0,bt_smp_distribute_keys
FN:2080,send_pairing_rsp
FNDA:0,send_pairing_rsp
FN:2099,smp_pairing_accept_query
FNDA:0,smp_pairing_accept_query
FN:2122,smp_s1
FNDA:0,smp_s1
FN:2140,legacy_get_pair_method
FNDA:0,legacy_get_pair_method
FN:2178,legacy_request_tk
FNDA:0,legacy_request_tk
FN:2249,legacy_send_pairing_confirm
FNDA:0,legacy_send_pairing_confirm
FN:2276,legacy_pairing_req
FNDA:0,legacy_pairing_req
FN:2303,legacy_pairing_random
FNDA:0,legacy_pairing_random
FN:2380,legacy_pairing_confirm
FNDA:0,legacy_pairing_confirm
FN:2403,legacy_user_tk_entry
FNDA:0,legacy_user_tk_entry
FN:2426,legacy_passkey_entry
FNDA:0,legacy_passkey_entry
FN:2434,smp_encrypt_info
FNDA:0,smp_encrypt_info
FN:2457,smp_central_ident
FNDA:0,smp_central_ident
FN:2547,smp_init
FNDA:0,smp_init
FN:2570,bt_set_bondable
FNDA:0,bt_set_bondable
FN:2575,bt_le_oob_set_sc_flag
FNDA:0,bt_le_oob_set_sc_flag
FN:2580,bt_le_oob_set_legacy_flag
FNDA:0,bt_le_oob_set_legacy_flag
FN:2585,get_auth
FNDA:0,get_auth
FN:2618,remote_sec_level_reachable
FNDA:0,remote_sec_level_reachable
FN:2654,sec_level_reachable
FNDA:0,sec_level_reachable
FN:2673,smp_chan_get
FNDA:0,smp_chan_get
FN:2686,bt_smp_request_ltk
FNDA:0,bt_smp_request_ltk
FN:2772,smp_send_security_req
FNDA:0,smp_send_security_req
FN:2837,smp_pairing_req
FNDA:0,smp_pairing_req
FN:2985,sc_send_public_key
FNDA:0,sc_send_public_key
FN:3212,smp_pairing_rsp
FNDA:0,smp_pairing_rsp
FN:3218,smp_pairing_confirm
FNDA:0,smp_pairing_confirm
FN:3264,sc_smp_send_dhkey_check
FNDA:0,sc_smp_send_dhkey_check
FN:3329,compute_and_check_and_send_periph_dhcheck
FNDA:0,compute_and_check_and_send_periph_dhcheck
FN:3402,smp_dhkey_generate
FNDA:0,smp_dhkey_generate
FN:3418,smp_dhkey_ready
FNDA:0,smp_dhkey_ready
FN:3455,smp_find
FNDA:0,smp_find
FN:3466,bt_smp_dhkey_ready
FNDA:0,bt_smp_dhkey_ready
FN:3492,sc_smp_check_confirm
FNDA:0,sc_smp_check_confirm
FN:3536,le_sc_oob_data_req_check
FNDA:0,le_sc_oob_data_req_check
FN:3543,le_sc_oob_data_rsp_check
FNDA:0,le_sc_oob_data_rsp_check
FN:3550,le_sc_oob_config_set
FNDA:0,le_sc_oob_config_set
FN:3581,smp_pairing_random
FNDA:0,smp_pairing_random
FN:3725,smp_pairing_failed
FNDA:0,smp_pairing_failed
FN:3746,smp_ident_info
FNDA:0,smp_ident_info
FN:3769,smp_id_add_replace
FNDA:0,smp_id_add_replace
FN:3814,convert_to_id_on_match
FNDA:0,convert_to_id_on_match
FN:3823,smp_ident_addr_info
FNDA:0,smp_ident_addr_info
FN:3925,smp_signing_info
FNDA:0,smp_signing_info
FN:4073,smp_security_request
FNDA:0,smp_security_request
FN:4079,generate_dhkey
FNDA:0,generate_dhkey
FN:4093,display_passkey
FNDA:0,display_passkey
FN:4122,smp_public_key_periph
FNDA:0,smp_public_key_periph
FN:4178,smp_public_key
FNDA:0,smp_public_key
FN:4291,smp_dhkey_check
FNDA:0,smp_dhkey_check
FN:4416,smp_keypress_notif
FNDA:0,smp_keypress_notif
FN:4450,is_in_pairing_procedure
FNDA:0,is_in_pairing_procedure
FN:4455,bt_smp_recv
FNDA:0,bt_smp_recv
FN:4518,bt_smp_pkey_ready
FNDA:0,bt_smp_pkey_ready
FN:4562,bt_smp_connected
FNDA:1,bt_smp_connected
FN:4576,bt_smp_disconnected
FNDA:0,bt_smp_disconnected
FN:4610,bt_smp_encrypt_change
FNDA:0,bt_smp_encrypt_change
FN:4742,smp_sign_buf
FNDA:0,smp_sign_buf
FN:4776,bt_smp_sign_verify
FNDA:0,bt_smp_sign_verify
FN:4816,bt_smp_sign
FNDA:0,bt_smp_sign
FN:4860,smp_d1
FNDA:0,smp_d1
FN:4879,bt_smp_irk_get
FNDA:0,bt_smp_irk_get
FN:5319,smp_self_test
FNDA:1,smp_self_test
FN:5343,bt_smp_auth_cb_overlay
FNDA:0,bt_smp_auth_cb_overlay
FN:5406,bt_smp_auth_passkey_entry
FNDA:0,bt_smp_auth_passkey_entry
FN:5453,bt_smp_auth_passkey_confirm
FNDA:0,bt_smp_auth_passkey_confirm
FN:5503,bt_smp_le_oob_set_tk
FNDA:0,bt_smp_le_oob_set_tk
FN:5533,bt_smp_le_oob_generate_sc_data
FNDA:0,bt_smp_le_oob_generate_sc_data
FN:5572,le_sc_oob_data_check
FNDA:0,le_sc_oob_data_check
FN:5594,le_sc_oob_pairing_continue
FNDA:0,le_sc_oob_pairing_continue
FN:5624,bt_smp_le_oob_set_sc_data
FNDA:0,bt_smp_le_oob_set_sc_data
FN:5650,bt_smp_le_oob_get_sc_data
FNDA:0,bt_smp_le_oob_get_sc_data
FN:5677,bt_smp_auth_cancel
FNDA:0,bt_smp_auth_cancel
FN:5710,bt_smp_auth_pairing_confirm
FNDA:0,bt_smp_auth_pairing_confirm
FN:5780,bt_smp_start_security
FNDA:0,bt_smp_start_security
FN:5832,bt_smp_update_keys
FNDA:0,bt_smp_update_keys
FN:5917,bt_smp_accept
FNDA:1,bt_smp_accept
FN:5954,bt_smp_init
FNDA:1,bt_smp_init
DA:299,1
DA:310,1
BRDA:310,0,0,0
BRDA:310,0,1,1
DA:311,0
BRDA:311,0,0,-
BRDA:311,0,1,-
DA:314,0
DA:316,0
DA:319,0
DA:322,0
DA:324,0
DA:326,0
DA:329,0
DA:331,0
DA:333,0
BRDA:333,0,0,-
BRDA:333,0,1,-
DA:334,0
DA:338,0
BRDA:338,0,0,-
BRDA:338,0,1,-
BRDA:338,0,2,-
BRDA:338,0,3,-
DA:339,0
BRDA:339,0,0,-
BRDA:339,0,1,-
BRDA:339,0,2,-
BRDA:339,0,3,-
DA:340,0
DA:344,0
BRDA:344,0,0,-
BRDA:344,0,1,-
BRDA:344,0,2,-
BRDA:344,0,3,-
DA:345,0
BRDA:345,0,0,-
BRDA:345,0,1,-
DA:346,0
DA:349,0
BRDA:349,0,0,-
BRDA:349,0,1,-
DA:354,0
DA:358,0
BRDA:358,0,0,-
BRDA:358,0,1,-
DA:359,0
DA:362,0
DA:367,0
DA:375,0
DA:377,0
BRDA:377,0,0,-
BRDA:377,0,1,-
DA:378,0
DA:381,0
BRDA:381,0,0,-
BRDA:381,0,1,-
DA:382,0
DA:383,0
DA:384,0
BRDA:384,0,0,-
BRDA:384,0,1,-
DA:385,0
DA:386,0
DA:387,0
DA:391,0
BRDA:391,0,0,-
BRDA:391,0,1,-
DA:392,0
BRDA:392,0,0,-
BRDA:392,0,1,-
DA:393,0
DA:396,0
BRDA:396,0,0,-
BRDA:396,0,1,-
DA:397,0
BRDA:397,0,0,-
BRDA:397,0,1,-
DA:398,0
DA:401,0
BRDA:401,0,0,-
BRDA:401,0,1,-
DA:402,0
BRDA:402,0,0,-
BRDA:402,0,1,-
DA:403,0
BRDA:403,0,0,-
BRDA:403,0,1,-
DA:404,0
BRDA:404,0,0,-
BRDA:404,0,1,-
DA:405,0
DA:408,0
DA:411,0
DA:414,0
BRDA:414,0,0,-
BRDA:414,0,1,-
DA:415,0
DA:422,0
DA:423,0
DA:425,0
BRDA:425,0,0,-
BRDA:425,0,1,-
DA:427,0
BRDA:427,0,0,-
BRDA:427,0,1,-
DA:428,0
DA:432,0
BRDA:432,0,0,-
BRDA:432,0,1,-
DA:433,0
DA:437,0
BRDA:437,0,0,-
BRDA:437,0,1,-
DA:438,0
DA:441,0
DA:447,0
DA:449,0
BRDA:449,0,0,-
BRDA:449,0,1,-
BRDA:449,0,2,-
BRDA:449,0,3,-
BRDA:449,0,4,-
BRDA:449,0,5,-
BRDA:449,0,6,-
BRDA:449,0,7,-
DA:450,0
DA:454,0
DA:455,0
DA:456,0
DA:457,0
DA:459,0
DA:460,0
DA:462,0
DA:463,0
DA:466,0
DA:467,0
DA:468,0
DA:469,0
DA:470,0
DA:471,0
DA:473,0
DA:477,0
DA:479,0
BRDA:479,0,0,-
BRDA:479,0,1,-
BRDA:479,0,2,-
BRDA:479,0,3,-
BRDA:479,0,4,-
BRDA:479,0,5,-
DA:480,0
DA:481,0
DA:483,0
DA:485,0
DA:487,0
DA:488,0
DA:490,0
DA:491,0
DA:493,0
DA:496,0
DA:497,0
DA:498,0
DA:502,0
DA:509,0
BRDA:509,0,0,-
BRDA:509,0,1,-
DA:510,0
DA:512,0
DA:518,0
DA:519,0
BRDA:519,0,0,-
BRDA:519,0,1,-
DA:523,0
DA:524,0
DA:527,0
DA:528,0
DA:530,0
DA:533,0
DA:537,0
DA:538,0
DA:545,0
DA:551,0
DA:564,0
BRDA:564,0,0,-
BRDA:564,0,1,-
DA:565,0
BRDA:565,0,0,-
BRDA:565,0,1,-
DA:566,0
DA:569,0
BRDA:569,0,0,-
BRDA:569,0,1,-
DA:570,0
DA:573,0
BRDA:573,0,0,-
BRDA:573,0,1,-
DA:574,0
BRDA:574,0,0,-
BRDA:574,0,1,-
DA:575,0
DA:578,0
BRDA:578,0,0,-
BRDA:578,0,1,-
DA:579,0
BRDA:579,0,0,-
BRDA:579,0,1,-
DA:580,0
DA:583,0
DA:584,0
BRDA:584,0,0,-
BRDA:584,0,1,-
DA:585,0
BRDA:585,0,0,-
BRDA:585,0,1,-
DA:588,0
DA:592,0
DA:595,0
DA:597,0
DA:599,0
BRDA:599,0,0,-
BRDA:599,0,1,-
DA:600,0
DA:603,0
BRDA:603,0,0,-
BRDA:603,0,1,-
DA:604,0
BRDA:604,0,0,-
BRDA:604,0,1,-
DA:605,0
DA:608,0
BRDA:608,0,0,-
BRDA:608,0,1,-
DA:609,0
DA:612,0
DA:623,0
DA:627,0
BRDA:627,0,0,-
BRDA:627,0,1,-
DA:630,0
DA:633,0
DA:634,0
DA:637,0
BRDA:637,0,0,-
BRDA:637,0,1,-
BRDA:637,0,2,-
BRDA:637,0,3,-
DA:638,0
DA:641,0
DA:673,0
DA:675,0
BRDA:675,0,0,-
BRDA:675,0,1,-
DA:676,0
DA:678,0
DA:1595,1
DA:1597,1
DA:1602,1
DA:1608,1
DA:1610,1
DA:1611,1
DA:1620,1
DA:1624,0
DA:1626,0
BRDA:1626,0,0,-
BRDA:1626,0,1,-
BRDA:1626,0,2,-
BRDA:1626,0,3,-
BRDA:1626,0,4,-
BRDA:1626,0,5,-
BRDA:1626,0,6,-
DA:1627,0
DA:1628,0
DA:1629,0
DA:1630,0
DA:1631,0
DA:1632,0
DA:1633,0
DA:1634,0
DA:1635,0
DA:1636,0
DA:1637,0
DA:1638,0
DA:1639,0
DA:1640,0
DA:1647,0
DA:1649,0
DA:1651,0
BRDA:1651,0,0,-
BRDA:1651,0,1,-
BRDA:1651,0,2,-
BRDA:1651,0,3,-
DA:1653,0
BRDA:1653,0,0,-
BRDA:1653,0,1,-
DA:1657,0
BRDA:1657,0,0,-
BRDA:1657,0,1,-
BRDA:1657,0,2,-
BRDA:1657,0,3,-
DA:1658,0
DA:1661,0
BRDA:1661,0,0,-
BRDA:1661,0,1,-
DA:1673,0
DA:1680,0
BRDA:1680,0,0,-
BRDA:1680,0,1,-
BRDA:1680,0,2,-
BRDA:1680,0,3,-
DA:1681,0
DA:1684,0
BRDA:1684,0,0,-
BRDA:1684,0,1,-
BRDA:1684,0,2,-
BRDA:1684,0,3,-
BRDA:1684,0,4,-
BRDA:1684,0,5,-
BRDA:1684,0,6,-
BRDA:1684,0,7,-
BRDA:1684,0,8,-
BRDA:1684,0,9,-
BRDA:1684,0,10,-
BRDA:1684,0,11,-
DA:1686,0
BRDA:1686,0,0,-
BRDA:1686,0,1,-
DA:1687,0
DA:1691,0
DA:1697,0
BRDA:1697,0,0,-
BRDA:1697,0,1,-
DA:1698,0
BRDA:1698,0,0,-
BRDA:1698,0,1,-
BRDA:1698,0,2,-
BRDA:1698,0,3,-
DA:1699,0
DA:1700,0
DA:1701,0
DA:1704,0
BRDA:1704,0,0,-
BRDA:1704,0,1,-
DA:1705,0
DA:1706,0
DA:1713,0
BRDA:1713,0,0,-
BRDA:1713,0,1,-
DA:1716,0
BRDA:1716,0,0,-
BRDA:1716,0,1,-
BRDA:1716,0,2,-
BRDA:1716,0,3,-
BRDA:1716,0,4,-
BRDA:1716,0,5,-
BRDA:1716,0,6,-
BRDA:1716,0,7,-
BRDA:1716,0,8,-
BRDA:1716,0,9,-
BRDA:1716,0,10,-
BRDA:1716,0,11,-
DA:1719,0
BRDA:1719,0,0,-
BRDA:1719,0,1,-
DA:1720,0
DA:1726,0
DA:1728,0
BRDA:1728,0,0,-
BRDA:1728,0,1,-
BRDA:1728,0,2,-
BRDA:1728,0,3,-
DA:1729,0
DA:1731,0
DA:1733,0
DA:1735,0
DA:1736,0
DA:1738,0
BRDA:1738,0,0,-
BRDA:1738,0,1,-
BRDA:1738,0,2,-
BRDA:1738,0,3,-
DA:1740,0
DA:1745,0
DA:1746,0
DA:1748,0
DA:1751,0
DA:1753,0
BRDA:1753,0,0,-
BRDA:1753,0,1,-
DA:1754,0
BRDA:1754,0,0,-
BRDA:1754,0,1,-
DA:1755,0
BRDA:1755,0,0,-
BRDA:1755,0,1,-
BRDA:1755,0,2,-
BRDA:1755,0,3,-
DA:1758,0
DA:1759,0
DA:1762,0
DA:1765,0
DA:1774,0
DA:1775,0
BRDA:1775,0,0,-
BRDA:1775,0,1,-
BRDA:1775,0,2,-
BRDA:1775,0,3,-
BRDA:1775,0,4,-
BRDA:1775,0,5,-
DA:1777,0
BRDA:1777,0,0,-
BRDA:1777,0,1,-
BRDA:1777,0,2,-
BRDA:1777,0,3,-
DA:1778,0
BRDA:1778,0,0,-
BRDA:1778,0,1,-
DA:1779,0
DA:1781,0
DA:1784,0
BRDA:1784,0,0,-
BRDA:1784,0,1,-
DA:1785,0
BRDA:1785,0,0,-
BRDA:1785,0,1,-
BRDA:1785,0,2,-
BRDA:1785,0,3,-
DA:1793,0
DA:1794,0
DA:1797,0
DA:1798,0
BRDA:1798,0,0,-
BRDA:1798,0,1,-
DA:1799,0
DA:1802,0
DA:1803,0
DA:1806,0
BRDA:1806,0,0,-
BRDA:1806,0,1,-
DA:1807,0
DA:1810,0
DA:1813,0
DA:1818,0
DA:1819,0
BRDA:1819,0,0,-
BRDA:1819,0,1,-
DA:1820,0
DA:1823,0
DA:1824,0
DA:1826,0
DA:1828,0
DA:1832,0
DA:1840,0
BRDA:1840,0,0,-
BRDA:1840,0,1,-
BRDA:1840,0,2,-
BRDA:1840,0,3,-
DA:1841,0
BRDA:1841,0,0,-
BRDA:1841,0,1,-
BRDA:1841,0,2,-
BRDA:1841,0,3,-
DA:1842,0
BRDA:1842,0,0,-
BRDA:1842,0,1,-
BRDA:1842,0,2,-
BRDA:1842,0,3,-
DA:1843,0
BRDA:1843,0,0,-
BRDA:1843,0,1,-
BRDA:1843,0,2,-
BRDA:1843,0,3,-
DA:1844,0
BRDA:1844,0,0,-
BRDA:1844,0,1,-
BRDA:1844,0,2,-
BRDA:1844,0,3,-
DA:1845,0
BRDA:1845,0,0,-
BRDA:1845,0,1,-
BRDA:1845,0,2,-
BRDA:1845,0,3,-
DA:1848,0
DA:1849,0
DA:1850,0
DA:1851,0
DA:1853,0
BRDA:1853,0,0,-
BRDA:1853,0,1,-
BRDA:1853,0,2,-
BRDA:1853,0,3,-
DA:1858,0
DA:1860,0
DA:1861,0
BRDA:1861,0,0,-
BRDA:1861,0,1,-
DA:1862,0
DA:1866,0
DA:1867,0
DA:1868,0
DA:1870,0
BRDA:1870,0,0,-
BRDA:1870,0,1,-
BRDA:1870,0,2,-
BRDA:1870,0,3,-
DA:1872,0
DA:1874,0
DA:1878,0
DA:1884,0
BRDA:1884,0,0,-
BRDA:1884,0,1,-
BRDA:1884,0,2,-
DA:1885,0
DA:1887,0
DA:1888,0
DA:1889,0
DA:1898,0
DA:1899,0
DA:1900,0
DA:1901,0
DA:1902,0
BRDA:1902,0,0,-
BRDA:1902,0,1,-
BRDA:1902,0,2,-
BRDA:1902,0,3,-
DA:1903,0
DA:1906,0
DA:1907,0
BRDA:1907,0,0,-
BRDA:1907,0,1,-
DA:1908,0
DA:1911,0
DA:1913,0
BRDA:1913,0,0,-
BRDA:1913,0,1,-
DA:1914,0
DA:1915,0
DA:1918,0
DA:1920,0
DA:1922,0
DA:1926,0
DA:1928,0
BRDA:1928,0,0,-
BRDA:1928,0,1,-
DA:1929,0
DA:1931,0
DA:1933,0
DA:1935,0
DA:1936,0
DA:1938,0
BRDA:1938,0,0,-
BRDA:1938,0,1,-
DA:1949,0
BRDA:1949,0,0,-
BRDA:1949,0,1,-
DA:1950,0
BRDA:1950,0,0,-
BRDA:1950,0,1,-
BRDA:1950,0,2,-
BRDA:1950,0,3,-
DA:1951,0
DA:1954,0
DA:1956,0
BRDA:1956,0,0,-
BRDA:1956,0,1,-
DA:1957,0
BRDA:1957,0,0,-
BRDA:1957,0,1,-
BRDA:1957,0,2,-
BRDA:1957,0,3,-
DA:1958,0
DA:1961,0
DA:1964,0
DA:1965,0
BRDA:1965,0,0,-
BRDA:1965,0,1,-
DA:1966,0
DA:1967,0
DA:1970,0
DA:1972,0
DA:1974,0
BRDA:1974,0,0,-
BRDA:1974,0,1,-
DA:1975,0
BRDA:1975,0,0,-
BRDA:1975,0,1,-
BRDA:1975,0,2,-
BRDA:1975,0,3,-
DA:1976,0
DA:1979,0
DA:1980,0
DA:1981,0
DA:1983,0
DA:1985,0
BRDA:1985,0,0,-
BRDA:1985,0,1,-
DA:1986,0
DA:1988,0
DA:1990,0
DA:1992,0
DA:1999,0
DA:2001,0
DA:2002,0
DA:2004,0
BRDA:2004,0,0,-
BRDA:2004,0,1,-
DA:2005,0
BRDA:2005,0,0,-
BRDA:2005,0,1,-
BRDA:2005,0,2,-
BRDA:2005,0,3,-
DA:2006,0
DA:2011,0
BRDA:2011,0,0,-
BRDA:2011,0,1,-
DA:2012,0
DA:2049,0
BRDA:2049,0,0,-
BRDA:2049,0,1,-
DA:2053,0
DA:2055,0
BRDA:2055,0,0,-
BRDA:2055,0,1,-
DA:2056,0
BRDA:2056,0,0,-
BRDA:2056,0,1,-
BRDA:2056,0,2,-
BRDA:2056,0,3,-
DA:2057,0
DA:2060,0
DA:2062,0
BRDA:2062,0,0,-
BRDA:2062,0,1,-
DA:2063,0
DA:2066,0
BRDA:2066,0,0,-
BRDA:2066,0,1,-
DA:2067,0
DA:2068,0
DA:2069,0
DA:2072,0
DA:2076,0
DA:2080,0
DA:2085,0
DA:2086,0
BRDA:2086,0,0,-
BRDA:2086,0,1,-
DA:2087,0
DA:2090,0
DA:2091,0
DA:2093,0
DA:2095,0
DA:2099,0
DA:2118,0
DA:2122,0
DA:2133,0
DA:2134,0
DA:2137,0
DA:2140,0
DA:2145,0
BRDA:2145,0,0,-
BRDA:2145,0,1,-
DA:2146,0
DA:2149,0
DA:2150,0
DA:2153,0
BRDA:2153,0,0,-
BRDA:2153,0,1,-
DA:2154,0
DA:2158,0
BRDA:2158,0,0,-
BRDA:2158,0,1,-
DA:2159,0
DA:2162,0
DA:2167,0
BRDA:2167,0,0,-
BRDA:2167,0,1,-
DA:2168,0
BRDA:2168,0,0,-
BRDA:2168,0,1,-
DA:2169,0
DA:2171,0
DA:2175,0
DA:2178,0
DA:2180,0
DA:2181,0
DA:2190,0
DA:2191,0
BRDA:2191,0,0,-
BRDA:2191,0,1,-
BRDA:2191,0,2,-
BRDA:2191,0,3,-
DA:2192,0
BRDA:2192,0,0,-
BRDA:2192,0,1,-
DA:2193,0
BRDA:2193,0,0,-
BRDA:2193,0,1,-
BRDA:2193,0,2,-
BRDA:2193,0,3,-
DA:2194,0
DA:2197,0
BRDA:2197,0,0,-
BRDA:2197,0,1,-
BRDA:2197,0,2,-
BRDA:2197,0,3,-
BRDA:2197,0,4,-
DA:2198,0
DA:2199,0
BRDA:2199,0,0,-
BRDA:2199,0,1,-
BRDA:2199,0,2,-
BRDA:2199,0,3,-
DA:2200,0
DA:2204,0
DA:2205,0
DA:2207,0
DA:2210,0
DA:2211,0
DA:2216,0
BRDA:2216,0,0,-
BRDA:2216,0,1,-
DA:2217,0
DA:2220,0
DA:2227,0
BRDA:2227,0,0,-
BRDA:2227,0,1,-
BRDA:2227,0,2,-
BRDA:2227,0,3,-
DA:2228,0
DA:2229,0
DA:2232,0
DA:2234,0
DA:2235,0
DA:2236,0
DA:2237,0
DA:2238,0
DA:2239,0
DA:2240,0
DA:2241,0
DA:2242,0
BRDA:2242,0,0,-
BRDA:2242,0,1,-
BRDA:2242,0,2,-
BRDA:2242,0,3,-
DA:2243,0
DA:2246,0
DA:2249,0
DA:2251,0
DA:2255,0
DA:2256,0
BRDA:2256,0,0,-
BRDA:2256,0,1,-
DA:2257,0
DA:2260,0
DA:2262,0
BRDA:2262,0,0,-
BRDA:2262,0,1,-
DA:2263,0
DA:2264,0
DA:2265,0
DA:2268,0
DA:2270,0
DA:2272,0
DA:2276,0
DA:2278,0
DA:2281,0
BRDA:2281,0,0,-
BRDA:2281,0,1,-
BRDA:2281,0,2,-
BRDA:2281,0,3,-
DA:2283,0
DA:2284,0
BRDA:2284,0,0,-
BRDA:2284,0,1,-
DA:2285,0
DA:2289,0
BRDA:2289,0,0,-
BRDA:2289,0,1,-
DA:2290,0
BRDA:2290,0,0,-
BRDA:2290,0,1,-
BRDA:2290,0,2,-
BRDA:2290,0,3,-
DA:2291,0
BRDA:2291,0,0,-
BRDA:2291,0,1,-
DA:2292,0
DA:2293,0
DA:2294,0
DA:2297,0
DA:2298,0
DA:2299,0
DA:2303,0
DA:2305,0
DA:2309,0
BRDA:2309,0,0,-
BRDA:2309,0,1,-
BRDA:2309,0,2,-
BRDA:2309,0,3,-
DA:2312,0
DA:2313,0
DA:2314,0
BRDA:2314,0,0,-
BRDA:2314,0,1,-
DA:2315,0
DA:2318,0
BRDA:2318,0,0,-
BRDA:2318,0,1,-
BRDA:2318,0,2,-
BRDA:2318,0,3,-
DA:2319,0
BRDA:2319,0,0,-
BRDA:2319,0,1,-
BRDA:2319,0,2,-
BRDA:2319,0,3,-
DA:2321,0
BRDA:2321,0,0,-
BRDA:2321,0,1,-
DA:2322,0
DA:2363,0
DA:2364,0
BRDA:2364,0,0,-
BRDA:2364,0,1,-
DA:2365,0
BRDA:2365,0,0,-
BRDA:2365,0,1,-
BRDA:2365,0,2,-
BRDA:2365,0,3,-
DA:2366,0
DA:2369,0
DA:2370,0
BRDA:2370,0,0,-
BRDA:2370,0,1,-
BRDA:2370,0,2,-
BRDA:2370,0,3,-
DA:2372,0
DA:2374,0
DA:2380,0
DA:2382,0
BRDA:2382,0,0,-
BRDA:2382,0,1,-
BRDA:2382,0,2,-
BRDA:2382,0,3,-
DA:2391,0
BRDA:2391,0,0,-
BRDA:2391,0,1,-
DA:2392,0
DA:2394,0
DA:2397,0
DA:2400,0
DA:2403,0
DA:2405,0
BRDA:2405,0,0,-
BRDA:2405,0,1,-
DA:2406,0
DA:2410,0
BRDA:2410,0,0,-
BRDA:2410,0,1,-
DA:2411,0
DA:2412,0
DA:2422,0
DA:2426,0
DA:2428,0
DA:2429,0
DA:2431,0
DA:2432,0
DA:2434,0
DA:2436,0
BRDA:2436,0,0,-
BRDA:2436,0,1,-
BRDA:2436,0,2,-
BRDA:2436,0,3,-
DA:2438,0
BRDA:2438,0,0,-
BRDA:2438,0,1,-
DA:2439,0
DA:2440,0
DA:2443,0
DA:2444,0
BRDA:2444,0,0,-
BRDA:2444,0,1,-
DA:2445,0
BRDA:2445,0,0,-
BRDA:2445,0,1,-
BRDA:2445,0,2,-
BRDA:2445,0,3,-
DA:2446,0
DA:2449,0
DA:2452,0
DA:2454,0
DA:2457,0
DA:2459,0
DA:2462,0
BRDA:2462,0,0,-
BRDA:2462,0,1,-
BRDA:2462,0,2,-
BRDA:2462,0,3,-
DA:2464,0
BRDA:2464,0,0,-
BRDA:2464,0,1,-
DA:2465,0
DA:2468,0
DA:2469,0
BRDA:2469,0,0,-
BRDA:2469,0,1,-
DA:2470,0
BRDA:2470,0,0,-
BRDA:2470,0,1,-
BRDA:2470,0,2,-
BRDA:2470,0,3,-
DA:2471,0
DA:2474,0
DA:2475,0
DA:2478,0
DA:2480,0
BRDA:2480,0,0,-
BRDA:2480,0,1,-
DA:2481,0
DA:2482,0
BRDA:2482,0,0,-
BRDA:2482,0,1,-
DA:2483,0
DA:2495,0
BRDA:2495,0,0,-
BRDA:2495,0,1,-
BRDA:2495,0,2,-
BRDA:2495,0,3,-
DA:2496,0
DA:2499,0
DA:2547,0
DA:2552,0
DA:2555,0
BRDA:2555,0,0,-
BRDA:2555,0,1,-
DA:2556,0
DA:2559,0
BRDA:2559,0,0,-
BRDA:2559,0,1,-
BRDA:2559,0,2,-
BRDA:2559,0,3,-
DA:2561,0
DA:2564,0
DA:2567,0
DA:2570,0
DA:2572,0
DA:2573,0
DA:2575,0
DA:2577,0
DA:2578,0
DA:2580,0
DA:2582,0
DA:2583,0
DA:2585,0
DA:2587,0
DA:2589,0
BRDA:2589,0,0,-
BRDA:2589,0,1,-
DA:2590,0
DA:2592,0
DA:2595,0
BRDA:2595,0,0,-
BRDA:2595,0,1,-
DA:2598,0
DA:2600,0
DA:2603,0
BRDA:2603,0,0,-
BRDA:2603,0,1,-
DA:2604,0
DA:2606,0
DA:2612,0
DA:2615,0
DA:2618,0
DA:2620,0
DA:2629,0
BRDA:2629,0,0,-
BRDA:2629,0,1,-
BRDA:2629,0,2,-
BRDA:2629,0,3,-
DA:2630,0
DA:2632,0
DA:2634,0
DA:2635,0
BRDA:2635,0,0,-
BRDA:2635,0,1,-
DA:2636,0
DA:2639,0
BRDA:2639,0,0,-
BRDA:2639,0,1,-
DA:2640,0
DA:2644,0
BRDA:2644,0,0,-
BRDA:2644,0,1,-
DA:2645,0
DA:2648,0
DA:2649,0
DA:2650,0
DA:2654,0
DA:2656,0
DA:2658,0
BRDA:2658,0,0,-
BRDA:2658,0,1,-
BRDA:2658,0,2,-
BRDA:2658,0,3,-
DA:2659,0
DA:2661,0
DA:2662,0
DA:2663,0
BRDA:2663,0,0,-
BRDA:2663,0,1,-
BRDA:2663,0,2,-
BRDA:2663,0,3,-
DA:2664,0
BRDA:2664,0,0,-
BRDA:2664,0,1,-
DA:2665,0
DA:2666,0
BRDA:2666,0,0,-
BRDA:2666,0,1,-
DA:2667,0
BRDA:2667,0,0,-
BRDA:2667,0,1,-
BRDA:2667,0,2,-
BRDA:2667,0,3,-
BRDA:2667,0,4,-
BRDA:2667,0,5,-
DA:2668,0
DA:2669,0
DA:2673,0
DA:2677,0
DA:2678,0
BRDA:2678,0,0,-
BRDA:2678,0,1,-
DA:2679,0
BRDA:2679,0,0,-
BRDA:2679,0,1,-
BRDA:2679,0,2,-
BRDA:2679,0,3,-
DA:2680,0
DA:2683,0
DA:2686,0
DA:2691,0
DA:2692,0
BRDA:2692,0,0,-
BRDA:2692,0,1,-
DA:2693,0
DA:2700,0
BRDA:2700,0,0,-
BRDA:2700,0,1,-
BRDA:2700,0,2,-
BRDA:2700,0,3,-
BRDA:2700,0,4,-
BRDA:2700,0,5,-
DA:2701,0
BRDA:2701,0,0,-
BRDA:2701,0,1,-
DA:2702,0
DA:2703,0
DA:2709,0
DA:2710,0
BRDA:2710,0,0,-
BRDA:2710,0,1,-
DA:2711,0
DA:2712,0
DA:2715,0
DA:2716,0
DA:2719,0
BRDA:2719,0,0,-
BRDA:2719,0,1,-
DA:2720,0
DA:2721,0
DA:2722,0
BRDA:2722,0,0,-
BRDA:2722,0,1,-
DA:2723,0
DA:2724,0
DA:2728,0
BRDA:2728,0,0,-
BRDA:2728,0,1,-
BRDA:2728,0,2,-
BRDA:2728,0,3,-
DA:2729,0
BRDA:2729,0,0,-
BRDA:2729,0,1,-
BRDA:2729,0,2,-
BRDA:2729,0,3,-
DA:2730,0
DA:2732,0
DA:2733,0
BRDA:2733,0,0,-
BRDA:2733,0,1,-
DA:2734,0
DA:2735,0
DA:2738,0
DA:2739,0
DA:2743,0
BRDA:2743,0,0,-
BRDA:2743,0,1,-
BRDA:2743,0,2,-
BRDA:2743,0,3,-
DA:2744,0
BRDA:2744,0,0,-
BRDA:2744,0,1,-
DA:2745,0
BRDA:2745,0,0,-
BRDA:2745,0,1,-
DA:2746,0
DA:2748,0
DA:2749,0
BRDA:2749,0,0,-
BRDA:2749,0,1,-
DA:2750,0
DA:2751,0
DA:2754,0
DA:2755,0
DA:2759,0
BRDA:2759,0,0,-
BRDA:2759,0,1,-
DA:2763,0
DA:2767,0
DA:2768,0
DA:2772,0
DA:2779,0
BRDA:2779,0,0,-
BRDA:2779,0,1,-
BRDA:2779,0,2,-
BRDA:2779,0,3,-
DA:2780,0
DA:2781,0
BRDA:2781,0,0,-
BRDA:2781,0,1,-
DA:2782,0
DA:2786,0
BRDA:2786,0,0,-
BRDA:2786,0,1,-
DA:2787,0
DA:2791,0
BRDA:2791,0,0,-
BRDA:2791,0,1,-
DA:2792,0
DA:2795,0
BRDA:2795,0,0,-
BRDA:2795,0,1,-
DA:2796,0
DA:2800,0
BRDA:2800,0,0,-
BRDA:2800,0,1,-
BRDA:2800,0,2,-
BRDA:2800,0,3,-
DA:2801,0
DA:2804,0
BRDA:2804,0,0,-
BRDA:2804,0,1,-
DA:2805,0
DA:2806,0
BRDA:2806,0,0,-
BRDA:2806,0,1,-
DA:2807,0
DA:2811,0
BRDA:2811,0,0,-
BRDA:2811,0,1,-
DA:2812,0
DA:2815,0
DA:2817,0
BRDA:2817,0,0,-
BRDA:2817,0,1,-
DA:2818,0
DA:2821,0
DA:2822,0
DA:2825,0
DA:2826,0
BRDA:2826,0,0,-
BRDA:2826,0,1,-
DA:2827,0
DA:2828,0
DA:2831,0
DA:2832,0
DA:2834,0
DA:2837,0
DA:2839,0
DA:2840,0
DA:2842,0
DA:2846,0
BRDA:2846,0,0,-
BRDA:2846,0,1,-
BRDA:2846,0,2,-
BRDA:2846,0,3,-
DA:2851,0
BRDA:2851,0,0,-
BRDA:2851,0,1,-
DA:2852,0
BRDA:2852,0,0,-
BRDA:2852,0,1,-
DA:2853,0
DA:2856,0
BRDA:2856,0,0,-
BRDA:2856,0,1,-
DA:2857,0
DA:2858,0
BRDA:2858,0,0,-
BRDA:2858,0,1,-
DA:2859,0
BRDA:2859,0,0,-
BRDA:2859,0,1,-
BRDA:2859,0,2,-
BRDA:2859,0,3,-
DA:2860,0
DA:2867,0
BRDA:2867,0,0,-
BRDA:2867,0,1,-
DA:2868,0
DA:2870,0
BRDA:2870,0,0,-
BRDA:2870,0,1,-
DA:2871,0
DA:2876,0
DA:2877,0
DA:2880,0
DA:2881,0
DA:2883,0
DA:2884,0
DA:2885,0
DA:2886,0
DA:2887,0
DA:2889,0
BRDA:2889,0,0,-
BRDA:2889,0,1,-
DA:2890,0
BRDA:2890,0,0,-
BRDA:2890,0,1,-
DA:2891,0
DA:2893,0
DA:2894,0
DA:2897,0
BRDA:2897,0,0,-
BRDA:2897,0,1,-
DA:2898,0
DA:2901,0
DA:2905,0
BRDA:2905,0,0,-
BRDA:2905,0,1,-
DA:2906,0
BRDA:2906,0,0,-
BRDA:2906,0,1,-
DA:2907,0
DA:2910,0
BRDA:2910,0,0,-
BRDA:2910,0,1,-
DA:2911,0
BRDA:2911,0,0,-
BRDA:2911,0,1,-
DA:2912,0
DA:2918,0
DA:2919,0
DA:2922,0
DA:2923,0
DA:2925,0
DA:2927,0
DA:2929,0
BRDA:2929,0,0,-
BRDA:2929,0,1,-
DA:2930,0
DA:2933,0
DA:2934,0
BRDA:2934,0,0,-
BRDA:2934,0,1,-
DA:2935,0
DA:2938,0
BRDA:2938,0,0,-
BRDA:2938,0,1,-
DA:2949,0
DA:2960,0
DA:2961,0
BRDA:2961,0,0,-
BRDA:2961,0,1,-
DA:2962,0
BRDA:2962,0,0,-
BRDA:2962,0,1,-
BRDA:2962,0,2,-
BRDA:2962,0,3,-
DA:2963,0
BRDA:2963,0,0,-
BRDA:2963,0,1,-
DA:2964,0
DA:2965,0
DA:2966,0
DA:2969,0
DA:2971,0
BRDA:2971,0,0,-
BRDA:2971,0,1,-
BRDA:2971,0,2,-
BRDA:2971,0,3,-
DA:2976,0
DA:2985,0
DA:2990,0
DA:2991,0
BRDA:2991,0,0,-
BRDA:2991,0,1,-
DA:2992,0
DA:2995,0
DA:2997,0
DA:2998,0
DA:3000,0
DA:3006,0
DA:3212,0
DA:3214,0
DA:3218,0
DA:3220,0
DA:3222,0
BRDA:3222,0,0,-
BRDA:3222,0,1,-
BRDA:3222,0,2,-
BRDA:3222,0,3,-
DA:3224,0
DA:3226,0
DA:3239,0
BRDA:3239,0,0,-
BRDA:3239,0,1,-
DA:3240,0
DA:3244,0
BRDA:3244,0,0,-
BRDA:3244,0,1,-
BRDA:3244,0,2,-
DA:3245,0
DA:3246,0
DA:3247,0
DA:3248,0
DA:3249,0
BRDA:3249,0,0,-
BRDA:3249,0,1,-
DA:3250,0
DA:3251,0
DA:3254,0
DA:3255,0
DA:3256,0
DA:3259,0
BRDA:3259,0,0,-
BRDA:3259,0,1,-
BRDA:3259,0,2,-
BRDA:3259,0,3,-
DA:3260,0
DA:3264,0
DA:3269,0
BRDA:3269,0,0,-
BRDA:3269,0,1,-
BRDA:3269,0,2,-
BRDA:3269,0,3,-
DA:3271,0
DA:3272,0
BRDA:3272,0,0,-
BRDA:3272,0,1,-
DA:3273,0
DA:3276,0
DA:3277,0
DA:3279,0
DA:3281,0
DA:3329,0
DA:3334,0
DA:3336,0
BRDA:3336,0,0,-
BRDA:3336,0,1,-
BRDA:3336,0,2,-
BRDA:3336,0,3,-
DA:3337,0
DA:3339,0
DA:3340,0
DA:3342,0
DA:3343,0
DA:3344,0
DA:3345,0
BRDA:3345,0,0,-
BRDA:3345,0,1,-
DA:3346,0
DA:3348,0
DA:3349,0
DA:3350,0
BRDA:3350,0,0,-
BRDA:3350,0,1,-
BRDA:3350,0,2,-
BRDA:3350,0,3,-
DA:3351,0
DA:3355,0
BRDA:3355,0,0,-
BRDA:3355,0,1,-
DA:3356,0
DA:3357,0
BRDA:3357,0,0,-
BRDA:3357,0,1,-
BRDA:3357,0,2,-
BRDA:3357,0,3,-
DA:3358,0
DA:3362,0
BRDA:3362,0,0,-
BRDA:3362,0,1,-
DA:3363,0
DA:3365,0
BRDA:3365,0,0,-
BRDA:3365,0,1,-
BRDA:3365,0,2,-
BRDA:3365,0,3,-
DA:3366,0
DA:3369,0
BRDA:3369,0,0,-
BRDA:3369,0,1,-
DA:3370,0
BRDA:3370,0,0,-
BRDA:3370,0,1,-
DA:3371,0
DA:3373,0
DA:3378,0
BRDA:3378,0,0,-
BRDA:3378,0,1,-
DA:3379,0
DA:3381,0
BRDA:3381,0,0,-
BRDA:3381,0,1,-
BRDA:3381,0,2,-
BRDA:3381,0,3,-
DA:3382,0
DA:3386,0
BRDA:3386,0,0,-
BRDA:3386,0,1,-
DA:3387,0
DA:3391,0
DA:3392,0
BRDA:3392,0,0,-
BRDA:3392,0,1,-
DA:3393,0
DA:3396,0
DA:3397,0
DA:3402,0
DA:3406,0
DA:3407,0
DA:3408,0
BRDA:3408,0,0,-
BRDA:3408,0,1,-
DA:3409,0
DA:3411,0
BRDA:3411,0,0,-
BRDA:3411,0,1,-
BRDA:3411,0,2,-
BRDA:3411,0,3,-
DA:3412,0
DA:3415,0
DA:3418,0
DA:3420,0
BRDA:3420,0,0,-
BRDA:3420,0,1,-
DA:3421,0
DA:3424,0
DA:3425,0
DA:3428,0
BRDA:3428,0,0,-
BRDA:3428,0,1,-
DA:3429,0
DA:3430,0
DA:3434,0
BRDA:3434,0,0,-
BRDA:3434,0,1,-
DA:3435,0
DA:3436,0
DA:3439,0
BRDA:3439,0,0,-
BRDA:3439,0,1,-
DA:3448,0
DA:3452,0
DA:3455,0
DA:3457,0
BRDA:3457,0,0,-
BRDA:3457,0,1,-
DA:3458,0
BRDA:3458,0,0,-
BRDA:3458,0,1,-
DA:3459,0
DA:3463,0
DA:3466,0
DA:3468,0
BRDA:3468,0,0,-
BRDA:3468,0,1,-
BRDA:3468,0,2,-
BRDA:3468,0,3,-
DA:3471,0
DA:3472,0
BRDA:3472,0,0,-
BRDA:3472,0,1,-
DA:3473,0
DA:3474,0
DA:3475,0
BRDA:3475,0,0,-
BRDA:3475,0,1,-
DA:3476,0
DA:3480,0
DA:3482,0
DA:3483,0
BRDA:3483,0,0,-
BRDA:3483,0,1,-
DA:3484,0
DA:3485,0
BRDA:3485,0,0,-
BRDA:3485,0,1,-
DA:3486,0
DA:3489,0
BRDA:3489,0,0,-
BRDA:3489,0,1,-
BRDA:3489,0,2,-
BRDA:3489,0,3,-
DA:3490,0
DA:3492,0
DA:3497,0
BRDA:3497,0,0,-
BRDA:3497,0,1,-
BRDA:3497,0,2,-
BRDA:3497,0,3,-
DA:3498,0
DA:3499,0
DA:3500,0
DA:3502,0
DA:3503,0
DA:3504,0
DA:3513,0
DA:3514,0
DA:3515,0
DA:3516,0
DA:3517,0
BRDA:3517,0,0,-
BRDA:3517,0,1,-
BRDA:3517,0,2,-
BRDA:3517,0,3,-
DA:3518,0
DA:3521,0
BRDA:3521,0,0,-
BRDA:3521,0,1,-
DA:3522,0
BRDA:3522,0,0,-
BRDA:3522,0,1,-
BRDA:3522,0,2,-
BRDA:3522,0,3,-
DA:3523,0
DA:3526,0
BRDA:3526,0,0,-
BRDA:3526,0,1,-
BRDA:3526,0,2,-
BRDA:3526,0,3,-
DA:3527,0
BRDA:3527,0,0,-
BRDA:3527,0,1,-
BRDA:3527,0,2,-
BRDA:3527,0,3,-
DA:3529,0
BRDA:3529,0,0,-
BRDA:3529,0,1,-
DA:3530,0
DA:3533,0
DA:3536,0
DA:3538,0
DA:3540,0
DA:3543,0
DA:3545,0
DA:3547,0
DA:3550,0
DA:3553,0
DA:3554,0
DA:3555,0
DA:3568,0
BRDA:3568,0,0,-
BRDA:3568,0,1,-
DA:3571,0
BRDA:3571,0,0,-
BRDA:3571,0,1,-
DA:3572,0
DA:3573,0
BRDA:3573,0,0,-
BRDA:3573,0,1,-
DA:3578,0
DA:3579,0
DA:3581,0
DA:3583,0
DA:3584,0
DA:3588,0
BRDA:3588,0,0,-
BRDA:3588,0,1,-
BRDA:3588,0,2,-
BRDA:3588,0,3,-
DA:3590,0
DA:3593,0
BRDA:3593,0,0,-
BRDA:3593,0,1,-
DA:3594,0
DA:3651,0
BRDA:3651,0,0,-
BRDA:3651,0,1,-
BRDA:3651,0,2,-
BRDA:3651,0,3,-
BRDA:3651,0,4,-
DA:3652,0
DA:3653,0
BRDA:3653,0,0,-
BRDA:3653,0,1,-
DA:3654,0
DA:3657,0
DA:3658,0
DA:3659,0
DA:3660,0
DA:3661,0
DA:3662,0
DA:3664,0
DA:3665,0
BRDA:3665,0,0,-
BRDA:3665,0,1,-
DA:3666,0
DA:3669,0
DA:3671,0
DA:3672,0
BRDA:3672,0,0,-
BRDA:3672,0,1,-
DA:3673,0
DA:3676,0
DA:3677,0
BRDA:3677,0,0,-
BRDA:3677,0,1,-
DA:3678,0
DA:3679,0
DA:3680,0
DA:3683,0
BRDA:3683,0,0,-
BRDA:3683,0,1,-
DA:3684,0
DA:3687,0
DA:3688,0
DA:3690,0
BRDA:3690,0,0,-
BRDA:3690,0,1,-
DA:3691,0
DA:3694,0
BRDA:3694,0,0,-
BRDA:3694,0,1,-
BRDA:3694,0,2,-
BRDA:3694,0,3,-
DA:3695,0
DA:3700,0
DA:3702,0
DA:3703,0
DA:3705,0
DA:3706,0
DA:3708,0
DA:3710,0
DA:3712,0
DA:3713,0
BRDA:3713,0,0,-
BRDA:3713,0,1,-
BRDA:3713,0,2,-
BRDA:3713,0,3,-
DA:3714,0
DA:3717,0
DA:3718,0
DA:3719,0
DA:3725,0
DA:3727,0
DA:3728,0
DA:3729,0
DA:3731,0
BRDA:3731,0,0,-
BRDA:3731,0,1,-
BRDA:3731,0,2,-
BRDA:3731,0,3,-
DA:3733,0
BRDA:3733,0,0,-
BRDA:3733,0,1,-
BRDA:3733,0,2,-
BRDA:3733,0,3,-
DA:3734,0
DA:3735,0
BRDA:3735,0,0,-
BRDA:3735,0,1,-
BRDA:3735,0,2,-
BRDA:3735,0,3,-
DA:3736,0
DA:3740,0
DA:3743,0
DA:3746,0
DA:3748,0
BRDA:3748,0,0,-
BRDA:3748,0,1,-
BRDA:3748,0,2,-
BRDA:3748,0,3,-
DA:3750,0
BRDA:3750,0,0,-
BRDA:3750,0,1,-
DA:3751,0
DA:3752,0
DA:3755,0
DA:3756,0
BRDA:3756,0,0,-
BRDA:3756,0,1,-
DA:3757,0
BRDA:3757,0,0,-
BRDA:3757,0,1,-
BRDA:3757,0,2,-
BRDA:3757,0,3,-
DA:3758,0
DA:3761,0
DA:3764,0
DA:3766,0
DA:3769,0
DA:3778,0
DA:3779,0
BRDA:3779,0,0,-
BRDA:3779,0,1,-
DA:3780,0
BRDA:3780,0,0,-
BRDA:3780,0,1,-
BRDA:3780,0,2,-
BRDA:3780,0,3,-
DA:3783,0
BRDA:3783,0,0,-
BRDA:3783,0,1,-
DA:3784,0
BRDA:3784,0,0,-
BRDA:3784,0,1,-
BRDA:3784,0,2,-
BRDA:3784,0,3,-
DA:3785,0
DA:3805,0
DA:3806,0
DA:3814,0
DA:3816,0
DA:3818,0
BRDA:3818,0,0,-
BRDA:3818,0,1,-
DA:3819,0
DA:3821,0
DA:3823,0
DA:3825,0
DA:3826,0
DA:3829,0
BRDA:3829,0,0,-
BRDA:3829,0,1,-
BRDA:3829,0,2,-
BRDA:3829,0,3,-
DA:3831,0
DA:3833,0
BRDA:3833,0,0,-
BRDA:3833,0,1,-
DA:3834,0
BRDA:3834,0,0,-
BRDA:3834,0,1,-
BRDA:3834,0,2,-
BRDA:3834,0,3,-
DA:3835,0
BRDA:3835,0,0,-
BRDA:3835,0,1,-
BRDA:3835,0,2,-
BRDA:3835,0,3,-
DA:3836,0
DA:3839,0
BRDA:3839,0,0,-
BRDA:3839,0,1,-
DA:3840,0
DA:3842,0
BRDA:3842,0,0,-
BRDA:3842,0,1,-
DA:3843,0
BRDA:3843,0,0,-
BRDA:3843,0,1,-
DA:3844,0
DA:3847,0
DA:3851,0
BRDA:3851,0,0,-
BRDA:3851,0,1,-
DA:3855,0
DA:3856,0
BRDA:3856,0,0,-
BRDA:3856,0,1,-
DA:3857,0
BRDA:3857,0,0,-
BRDA:3857,0,1,-
BRDA:3857,0,2,-
BRDA:3857,0,3,-
DA:3858,0
DA:3867,0
BRDA:3867,0,0,-
BRDA:3867,0,1,-
DA:3868,0
DA:3870,0
DA:3873,0
BRDA:3873,0,0,-
BRDA:3873,0,1,-
DA:3875,0
DA:3883,0
BRDA:3883,0,0,-
BRDA:3883,0,1,-
DA:3884,0
DA:3885,0
DA:3886,0
DA:3889,0
DA:3892,0
DA:3894,0
DA:3898,0
DA:3899,0
BRDA:3899,0,0,-
BRDA:3899,0,1,-
DA:3900,0
DA:3904,0
BRDA:3904,0,0,-
BRDA:3904,0,1,-
DA:3905,0
DA:3917,0
BRDA:3917,0,0,-
BRDA:3917,0,1,-
BRDA:3917,0,2,-
BRDA:3917,0,3,-
DA:3918,0
DA:3921,0
DA:3925,0
DA:3927,0
DA:3930,0
BRDA:3930,0,0,-
BRDA:3930,0,1,-
BRDA:3930,0,2,-
BRDA:3930,0,3,-
DA:3932,0
BRDA:3932,0,0,-
BRDA:3932,0,1,-
DA:3933,0
DA:3936,0
DA:3937,0
DA:3938,0
BRDA:3938,0,0,-
BRDA:3938,0,1,-
DA:3939,0
BRDA:3939,0,0,-
BRDA:3939,0,1,-
BRDA:3939,0,2,-
BRDA:3939,0,3,-
DA:3940,0
DA:3943,0
DA:3947,0
DA:3958,0
BRDA:3958,0,0,-
BRDA:3958,0,1,-
BRDA:3958,0,2,-
BRDA:3958,0,3,-
DA:3959,0
DA:3962,0
DA:4073,0
DA:4075,0
DA:4079,0
DA:4085,0
DA:4086,0
BRDA:4086,0,0,-
BRDA:4086,0,1,-
DA:4087,0
DA:4090,0
DA:4093,0
DA:4095,0
DA:4096,0
DA:4102,0
BRDA:4102,0,0,-
BRDA:4102,0,1,-
DA:4103,0
DA:4106,0
DA:4109,0
DA:4111,0
BRDA:4111,0,0,-
BRDA:4111,0,1,-
BRDA:4111,0,2,-
BRDA:4111,0,3,-
DA:4112,0
DA:4113,0
DA:4116,0
DA:4118,0
DA:4122,0
DA:4124,0
DA:4127,0
BRDA:4127,0,0,-
BRDA:4127,0,1,-
DA:4128,0
BRDA:4128,0,0,-
BRDA:4128,0,1,-
DA:4132,0
BRDA:4132,0,0,-
BRDA:4132,0,1,-
BRDA:4132,0,2,-
BRDA:4132,0,3,-
DA:4133,0
DA:4136,0
DA:4137,0
BRDA:4137,0,0,-
BRDA:4137,0,1,-
DA:4138,0
DA:4141,0
BRDA:4141,0,0,-
BRDA:4141,0,1,-
BRDA:4141,0,2,-
BRDA:4141,0,3,-
BRDA:4141,0,4,-
DA:4142,0
DA:4144,0
DA:4146,0
DA:4147,0
BRDA:4147,0,0,-
BRDA:4147,0,1,-
DA:4148,0
DA:4150,0
DA:4151,0
DA:4152,0
DA:4153,0
BRDA:4153,0,0,-
BRDA:4153,0,1,-
DA:4154,0
DA:4157,0
DA:4158,0
DA:4159,0
DA:4160,0
DA:4161,0
DA:4162,0
DA:4163,0
DA:4164,0
DA:4165,0
DA:4166,0
DA:4167,0
DA:4168,0
DA:4169,0
DA:4170,0
BRDA:4170,0,0,-
BRDA:4170,0,1,-
BRDA:4170,0,2,-
BRDA:4170,0,3,-
DA:4171,0
DA:4174,0
DA:4178,0
DA:4180,0
DA:4181,0
DA:4184,0
BRDA:4184,0,0,-
BRDA:4184,0,1,-
BRDA:4184,0,2,-
BRDA:4184,0,3,-
DA:4186,0
DA:4187,0
DA:4190,0
BRDA:4190,0,0,-
BRDA:4190,0,1,-
DA:4191,0
BRDA:4191,0,0,-
BRDA:4191,0,1,-
BRDA:4191,0,2,-
BRDA:4191,0,3,-
DA:4192,0
DA:4197,0
BRDA:4197,0,0,-
BRDA:4197,0,1,-
DA:4198,0
DA:4277,0
BRDA:4277,0,0,-
BRDA:4277,0,1,-
DA:4278,0
DA:4279,0
DA:4282,0
DA:4283,0
BRDA:4283,0,0,-
BRDA:4283,0,1,-
DA:4284,0
DA:4288,0
DA:4291,0
DA:4293,0
DA:4295,0
BRDA:4295,0,0,-
BRDA:4295,0,1,-
BRDA:4295,0,2,-
BRDA:4295,0,3,-
DA:4360,0
BRDA:4360,0,0,-
BRDA:4360,0,1,-
DA:4361,0
DA:4362,0
DA:4365,0
BRDA:4365,0,0,-
BRDA:4365,0,1,-
DA:4366,0
DA:4367,0
DA:4371,0
BRDA:4371,0,0,-
BRDA:4371,0,1,-
DA:4372,0
DA:4373,0
DA:4376,0
DA:4380,0
DA:4416,0
DA:4421,0
BRDA:4421,0,0,-
BRDA:4421,0,1,-
BRDA:4421,0,2,-
BRDA:4421,0,3,-
DA:4424,0
DA:4425,0
DA:4450,0
DA:4452,0
DA:4455,0
DA:4457,0
DA:4461,0
BRDA:4461,0,0,-
BRDA:4461,0,1,-
DA:4462,0
BRDA:4462,0,0,-
BRDA:4462,0,1,-
BRDA:4462,0,2,-
BRDA:4462,0,3,-
DA:4463,0
DA:4466,0
DA:4467,0
BRDA:4467,0,0,-
BRDA:4467,0,1,-
BRDA:4467,0,2,-
BRDA:4467,0,3,-
DA:4474,0
BRDA:4474,0,0,-
BRDA:4474,0,1,-
DA:4475,0
BRDA:4475,0,0,-
BRDA:4475,0,1,-
BRDA:4475,0,2,-
BRDA:4475,0,3,-
DA:4476,0
DA:4484,0
BRDA:4484,0,0,-
BRDA:4484,0,1,-
DA:4485,0
BRDA:4485,0,0,-
BRDA:4485,0,1,-
BRDA:4485,0,2,-
BRDA:4485,0,3,-
DA:4486,0
DA:4489,0
BRDA:4489,0,0,-
BRDA:4489,0,1,-
DA:4490,0
BRDA:4490,0,0,-
BRDA:4490,0,1,-
BRDA:4490,0,2,-
BRDA:4490,0,3,-
DA:4491,0
DA:4492,0
DA:4495,0
BRDA:4495,0,0,-
BRDA:4495,0,1,-
DA:4496,0
BRDA:4496,0,0,-
BRDA:4496,0,1,-
BRDA:4496,0,2,-
BRDA:4496,0,3,-
DA:4498,0
BRDA:4498,0,0,-
BRDA:4498,0,1,-
DA:4499,0
DA:4501,0
DA:4504,0
BRDA:4504,0,0,-
BRDA:4504,0,1,-
DA:4505,0
BRDA:4505,0,0,-
BRDA:4505,0,1,-
BRDA:4505,0,2,-
BRDA:4505,0,3,-
DA:4506,0
DA:4507,0
DA:4510,0
DA:4511,0
BRDA:4511,0,0,-
BRDA:4511,0,1,-
DA:4512,0
DA:4515,0
DA:4518,0
DA:4522,0
BRDA:4522,0,0,-
BRDA:4522,0,1,-
BRDA:4522,0,2,-
BRDA:4522,0,3,-
DA:4524,0
DA:4526,0
BRDA:4526,0,0,-
BRDA:4526,0,1,-
DA:4527,0
BRDA:4527,0,0,-
BRDA:4527,0,1,-
BRDA:4527,0,2,-
BRDA:4527,0,3,-
DA:4528,0
DA:4531,0
DA:4533,0
BRDA:4533,0,0,-
BRDA:4533,0,1,-
DA:4534,0
DA:4537,0
BRDA:4537,0,0,-
BRDA:4537,0,1,-
DA:4538,0
DA:4554,0
DA:4555,0
BRDA:4555,0,0,-
BRDA:4555,0,1,-
DA:4556,0
DA:4562,1
DA:4564,1
DA:4566,1
BRDA:4566,0,0,1
BRDA:4566,0,1,0
BRDA:4566,0,2,0
BRDA:4566,0,3,0
DA:4569,1
DA:4570,1
DA:4572,1
DA:4573,1
DA:4574,1
DA:4576,0
DA:4578,0
DA:4579,0
DA:4581,0
BRDA:4581,0,0,-
BRDA:4581,0,1,-
BRDA:4581,0,2,-
BRDA:4581,0,3,-
DA:4587,0
DA:4589,0
BRDA:4589,0,0,-
BRDA:4589,0,1,-
BRDA:4589,0,2,-
BRDA:4589,0,3,-
DA:4590,0
BRDA:4590,0,0,-
BRDA:4590,0,1,-
DA:4591,0
DA:4593,0
DA:4596,0
BRDA:4596,0,0,-
BRDA:4596,0,1,-
DA:4601,0
BRDA:4601,0,0,-
BRDA:4601,0,1,-
DA:4602,0
BRDA:4602,0,0,-
BRDA:4602,0,1,-
DA:4603,0
DA:4607,0
DA:4608,0
DA:4610,0
DA:4613,0
DA:4614,0
DA:4616,0
BRDA:4616,0,0,-
BRDA:4616,0,1,-
BRDA:4616,0,2,-
BRDA:4616,0,3,-
DA:4619,0
BRDA:4619,0,0,-
BRDA:4619,0,1,-
DA:4624,0
DA:4627,0
BRDA:4627,0,0,-
BRDA:4627,0,1,-
DA:4628,0
BRDA:4628,0,0,-
BRDA:4628,0,1,-
DA:4629,0
DA:4633,0
DA:4634,0
DA:4637,0
DA:4640,0
BRDA:4640,0,0,-
BRDA:4640,0,1,-
DA:4641,0
DA:4648,0
BRDA:4648,0,0,-
BRDA:4648,0,1,-
DA:4649,0
DA:4650,0
DA:4654,0
BRDA:4654,0,0,-
BRDA:4654,0,1,-
DA:4655,0
BRDA:4655,0,0,-
BRDA:4655,0,1,-
DA:4656,0
BRDA:4656,0,0,-
BRDA:4656,0,1,-
DA:4661,0
DA:4667,0
DA:4668,0
DA:4671,0
BRDA:4671,0,0,-
BRDA:4671,0,1,-
DA:4672,0
DA:4673,0
BRDA:4673,0,0,-
BRDA:4673,0,1,-
DA:4674,0
DA:4675,0
BRDA:4675,0,0,-
BRDA:4675,0,1,-
DA:4676,0
DA:4710,0
DA:4726,0
BRDA:4726,0,0,-
BRDA:4726,0,1,-
DA:4727,0
DA:4731,0
BRDA:4731,0,0,-
BRDA:4731,0,1,-
BRDA:4731,0,2,-
BRDA:4731,0,3,-
DA:4732,0
DA:4742,0
DA:4744,0
DA:4745,0
DA:4746,0
DA:4750,0
BRDA:4750,0,0,-
BRDA:4750,0,1,-
BRDA:4750,0,2,-
BRDA:4750,0,3,-
DA:4752,0
DA:4753,0
DA:4755,0
DA:4756,0
BRDA:4756,0,0,-
BRDA:4756,0,1,-
DA:4757,0
BRDA:4757,0,0,-
BRDA:4757,0,1,-
BRDA:4757,0,2,-
BRDA:4757,0,3,-
DA:4758,0
DA:4761,0
DA:4762,0
DA:4765,0
DA:4767,0
DA:4769,0
BRDA:4769,0,0,-
BRDA:4769,0,1,-
BRDA:4769,0,2,-
BRDA:4769,0,3,-
DA:4771,0
DA:4776,0
DA:4784,0
DA:4786,0
DA:4787,0
BRDA:4787,0,0,-
BRDA:4787,0,1,-
DA:4788,0
BRDA:4788,0,0,-
BRDA:4788,0,1,-
BRDA:4788,0,2,-
BRDA:4788,0,3,-
DA:4789,0
DA:4793,0
DA:4794,0
DA:4796,0
BRDA:4796,0,0,-
BRDA:4796,0,1,-
BRDA:4796,0,2,-
BRDA:4796,0,3,-
DA:4799,0
DA:4800,0
DA:4801,0
BRDA:4801,0,0,-
BRDA:4801,0,1,-
DA:4802,0
BRDA:4802,0,0,-
BRDA:4802,0,1,-
BRDA:4802,0,2,-
BRDA:4802,0,3,-
DA:4803,0
DA:4806,0
BRDA:4806,0,0,-
BRDA:4806,0,1,-
DA:4807,0
BRDA:4807,0,0,-
BRDA:4807,0,1,-
BRDA:4807,0,2,-
BRDA:4807,0,3,-
DA:4808,0
DA:4811,0
DA:4813,0
DA:4816,0
DA:4822,0
DA:4823,0
BRDA:4823,0,0,-
BRDA:4823,0,1,-
DA:4824,0
BRDA:4824,0,0,-
BRDA:4824,0,1,-
BRDA:4824,0,2,-
BRDA:4824,0,3,-
DA:4825,0
DA:4829,0
DA:4832,0
DA:4833,0
DA:4835,0
BRDA:4835,0,0,-
BRDA:4835,0,1,-
BRDA:4835,0,2,-
BRDA:4835,0,3,-
DA:4838,0
DA:4839,0
BRDA:4839,0,0,-
BRDA:4839,0,1,-
DA:4840,0
BRDA:4840,0,0,-
BRDA:4840,0,1,-
BRDA:4840,0,2,-
BRDA:4840,0,3,-
DA:4841,0
DA:4844,0
DA:4846,0
DA:4860,0
DA:4864,0
BRDA:4864,0,0,-
BRDA:4864,0,1,-
BRDA:4864,0,2,-
BRDA:4864,0,3,-
DA:4866,0
DA:4867,0
DA:4868,0
DA:4870,0
DA:4871,0
BRDA:4871,0,0,-
BRDA:4871,0,1,-
DA:4872,0
DA:4875,0
BRDA:4875,0,0,-
BRDA:4875,0,1,-
BRDA:4875,0,2,-
BRDA:4875,0,3,-
DA:4876,0
DA:4879,0
DA:4881,0
DA:4883,0
BRDA:4883,0,0,-
BRDA:4883,0,1,-
DA:4884,0
DA:4887,0
DA:5319,1
DA:5321,1
DA:5343,0
DA:5347,0
DA:5348,0
BRDA:5348,0,0,-
BRDA:5348,0,1,-
DA:5349,0
DA:5352,0
BRDA:5352,0,0,-
BRDA:5352,0,1,-
DA:5353,0
DA:5355,0
DA:5406,0
DA:5411,0
DA:5412,0
BRDA:5412,0,0,-
BRDA:5412,0,1,-
DA:5413,0
DA:5416,0
BRDA:5416,0,0,-
BRDA:5416,0,1,-
DA:5417,0
DA:5421,0
BRDA:5421,0,0,-
BRDA:5421,0,1,-
DA:5422,0
DA:5423,0
DA:5427,0
DA:5440,0
BRDA:5440,0,0,-
BRDA:5440,0,1,-
DA:5441,0
DA:5442,0
DA:5443,0
DA:5444,0
BRDA:5444,0,0,-
BRDA:5444,0,1,-
DA:5445,0
DA:5446,0
DA:5450,0
DA:5453,0
DA:5457,0
DA:5458,0
BRDA:5458,0,0,-
BRDA:5458,0,1,-
DA:5459,0
DA:5462,0
BRDA:5462,0,0,-
BRDA:5462,0,1,-
DA:5463,0
DA:5467,0
BRDA:5467,0,0,-
BRDA:5467,0,1,-
DA:5468,0
DA:5469,0
DA:5473,0
BRDA:5473,0,0,-
BRDA:5473,0,1,-
DA:5474,0
DA:5475,0
DA:5478,0
BRDA:5478,0,0,-
BRDA:5478,0,1,-
DA:5492,0
DA:5493,0
BRDA:5493,0,0,-
BRDA:5493,0,1,-
DA:5494,0
DA:5499,0
DA:5503,0
DA:5507,0
DA:5508,0
BRDA:5508,0,0,-
BRDA:5508,0,1,-
BRDA:5508,0,2,-
BRDA:5508,0,3,-
DA:5509,0
DA:5512,0
BRDA:5512,0,0,-
BRDA:5512,0,1,-
BRDA:5512,0,2,-
BRDA:5512,0,3,-
DA:5514,0
BRDA:5514,0,0,-
BRDA:5514,0,1,-
DA:5515,0
DA:5525,0
DA:5527,0
DA:5529,0
DA:5533,0
DA:5537,0
BRDA:5537,0,0,-
BRDA:5537,0,1,-
DA:5538,0
DA:5541,0
BRDA:5541,0,0,-
BRDA:5541,0,1,-
DA:5542,0
DA:5543,0
BRDA:5543,0,0,-
BRDA:5543,0,1,-
DA:5544,0
DA:5556,0
DA:5557,0
BRDA:5557,0,0,-
BRDA:5557,0,1,-
DA:5558,0
DA:5562,0
DA:5563,0
DA:5564,0
BRDA:5564,0,0,-
BRDA:5564,0,1,-
DA:5565,0
DA:5568,0
DA:5572,0
DA:5575,0
DA:5576,0
DA:5585,0
BRDA:5585,0,0,-
BRDA:5585,0,1,-
BRDA:5585,0,2,-
BRDA:5585,0,3,-
DA:5587,0
DA:5591,0
DA:5594,0
DA:5596,0
BRDA:5596,0,0,-
BRDA:5596,0,1,-
DA:5600,0
DA:5601,0
BRDA:5601,0,0,-
BRDA:5601,0,1,-
DA:5602,0
DA:5605,0
DA:5607,0
BRDA:5607,0,0,-
BRDA:5607,0,1,-
DA:5608,0
DA:5609,0
DA:5617,0
DA:5618,0
DA:5621,0
DA:5624,0
DA:5630,0
DA:5631,0
BRDA:5631,0,0,-
BRDA:5631,0,1,-
DA:5632,0
DA:5635,0
BRDA:5635,0,0,-
BRDA:5635,0,1,-
DA:5637,0
DA:5640,0
BRDA:5640,0,0,-
BRDA:5640,0,1,-
DA:5641,0
DA:5644,0
DA:5645,0
DA:5647,0
DA:5650,0
DA:5656,0
DA:5657,0
BRDA:5657,0,0,-
BRDA:5657,0,1,-
DA:5658,0
DA:5661,0
BRDA:5661,0,0,-
BRDA:5661,0,1,-
BRDA:5661,0,2,-
BRDA:5661,0,3,-
DA:5662,0
DA:5665,0
BRDA:5665,0,0,-
BRDA:5665,0,1,-
DA:5666,0
DA:5669,0
BRDA:5669,0,0,-
BRDA:5669,0,1,-
DA:5670,0
DA:5673,0
DA:5677,0
DA:5681,0
DA:5682,0
BRDA:5682,0,0,-
BRDA:5682,0,1,-
DA:5683,0
DA:5686,0
BRDA:5686,0,0,-
BRDA:5686,0,1,-
DA:5687,0
DA:5690,0
BRDA:5690,0,0,-
BRDA:5690,0,1,-
BRDA:5690,0,2,-
BRDA:5690,0,3,-
DA:5692,0
BRDA:5692,0,0,-
BRDA:5692,0,1,-
BRDA:5692,0,2,-
BRDA:5692,0,3,-
BRDA:5692,0,4,-
DA:5693,0
DA:5695,0
DA:5696,0
DA:5697,0
DA:5698,0
DA:5700,0
DA:5701,0
DA:5702,0
DA:5703,0
DA:5704,0
BRDA:5704,0,0,-
BRDA:5704,0,1,-
BRDA:5704,0,2,-
BRDA:5704,0,3,-
DA:5705,0
DA:5710,0
DA:5714,0
DA:5715,0
BRDA:5715,0,0,-
BRDA:5715,0,1,-
DA:5716,0
DA:5719,0
BRDA:5719,0,0,-
BRDA:5719,0,1,-
DA:5720,0
DA:5741,0
BRDA:5741,0,0,-
BRDA:5741,0,1,-
DA:5742,0
DA:5744,0
DA:5747,0
DA:5748,0
BRDA:5748,0,0,-
BRDA:5748,0,1,-
DA:5749,0
DA:5753,0
DA:5780,0
DA:5782,0
BRDA:5782,0,0,-
BRDA:5782,0,1,-
DA:5824,0
DA:5825,0
DA:5827,0
DA:5828,0
DA:5832,0
DA:5836,0
DA:5837,0
BRDA:5837,0,0,-
BRDA:5837,0,1,-
DA:5838,0
DA:5841,0
BRDA:5841,0,0,-
BRDA:5841,0,1,-
DA:5842,0
DA:5849,0
BRDA:5849,0,0,-
BRDA:5849,0,1,-
DA:5850,0
DA:5853,0
DA:5854,0
BRDA:5854,0,0,-
BRDA:5854,0,1,-
DA:5855,0
BRDA:5855,0,0,-
BRDA:5855,0,1,-
BRDA:5855,0,2,-
BRDA:5855,0,3,-
DA:5856,0
DA:5857,0
DA:5861,0
BRDA:5861,0,0,-
BRDA:5861,0,1,-
DA:5862,0
DA:5870,0
BRDA:5870,0,0,-
BRDA:5870,0,1,-
BRDA:5870,0,2,-
DA:5871,0
DA:5873,0
DA:5875,0
DA:5878,0
DA:5879,0
DA:5880,0
DA:5883,0
DA:5884,0
DA:5885,0
DA:5888,0
DA:5895,0
BRDA:5895,0,0,-
BRDA:5895,0,1,-
DA:5896,0
DA:5898,0
BRDA:5898,0,0,-
BRDA:5898,0,1,-
DA:5899,0
DA:5900,0
DA:5902,0
DA:5904,0
DA:5913,0
DA:5917,1
DA:5927,1
BRDA:5927,0,0,1
BRDA:5927,0,1,0
BRDA:5927,0,2,0
BRDA:5927,0,3,0
DA:5929,1
BRDA:5929,0,0,1
BRDA:5929,0,1,0
DA:5930,1
DA:5932,1
BRDA:5932,0,0,0
BRDA:5932,0,1,1
DA:5933,0
DA:5936,1
DA:5938,1
DA:5940,1
DA:5943,0
BRDA:5943,0,0,-
BRDA:5943,0,1,-
BRDA:5943,0,2,-
BRDA:5943,0,3,-
DA:5945,0
DA:5954,1
DA:5960,1
DA:5971,1
BRDA:5971,0,0,1
BRDA:5971,0,1,0
BRDA:5971,0,2,0
BRDA:5971,0,3,0
BRDA:5971,0,4,0
BRDA:5971,0,5,0
DA:5974,1
DA:5977,1
end_of_record
SF:/home/asset/zephyrproject/zephyr/include/zephyr/sys/atomic.h
FN:127,atomic_test_bit
FNDA:0,atomic_test_bit
FN:147,atomic_test_and_clear_bit
FNDA:0,atomic_test_and_clear_bit
FN:191,atomic_clear_bit
FNDA:0,atomic_clear_bit
FN:209,atomic_set_bit
FNDA:1,atomic_set_bit
DA:127,0
DA:129,0
DA:131,0
DA:147,0
DA:149,0
DA:152,0
DA:154,0
DA:191,0
DA:193,0
DA:195,0
DA:196,0
DA:209,1
DA:211,1
DA:213,1
DA:214,1
end_of_record
SF:/home/asset/zephyrproject/build/zephyr/include/generated/syscalls/kernel.h
FN:1093,k_sem_take
FNDA:0,k_sem_take
FN:1110,k_sem_give
FNDA:0,k_sem_give
DA:1093,0
DA:1102,0
DA:1103,0
DA:1110,0
DA:1119,0
DA:1120,0
DA:1121,0
end_of_record
SF:/home/asset/zephyrproject/zephyr/include/zephyr/logging/log_msg.h
FN:709,z_log_msg_runtime_create
FNDA:0,z_log_msg_runtime_create
DA:709,0
DA:717,0
DA:718,0
DA:720,0
DA:721,0
end_of_record
SF:/home/asset/zephyrproject/zephyr/include/zephyr/bluetooth/addr.h
FN:104,bt_addr_le_cmp
FNDA:0,bt_addr_le_cmp
FN:117,bt_addr_le_eq
FNDA:0,bt_addr_le_eq
FN:127,bt_addr_copy
FNDA:0,bt_addr_copy
FN:137,bt_addr_le_copy
FNDA:0,bt_addr_le_copy
FN:170,bt_addr_le_is_rpa
FNDA:0,bt_addr_le_is_rpa
FN:188,bt_addr_le_is_identity
FNDA:0,bt_addr_le_is_identity
DA:104,0
DA:106,0
DA:117,0
DA:119,0
DA:127,0
DA:129,0
DA:130,0
DA:137,0
DA:139,0
DA:140,0
DA:170,0
DA:172,0
BRDA:172,0,0,-
BRDA:172,0,1,-
DA:173,0
DA:176,0
DA:188,0
DA:190,0
BRDA:190,0,0,-
BRDA:190,0,1,-
DA:191,0
DA:194,0
end_of_record
TN:
SF:/home/asset/zephyrproject/zephyr/subsys/bluetooth/host/l2cap_internal.h
FN:220,bt_l2cap_send
FNDA:37,bt_l2cap_send
DA:220,37
DA:223,37
end_of_record
SF:/home/asset/zephyrproject/zephyr/include/zephyr/sys/atomic.h
FN:127,atomic_test_bit
FNDA:38,atomic_test_bit
FN:170,atomic_test_and_set_bit
FNDA:0,atomic_test_and_set_bit
FN:191,atomic_clear_bit
FNDA:37,atomic_clear_bit
FN:209,atomic_set_bit
FNDA:1,atomic_set_bit
DA:127,38
DA:129,38
DA:131,38
DA:170,0
DA:172,0
DA:175,0
DA:177,0
DA:191,37
DA:193,37
DA:195,37
DA:196,37
DA:209,1
DA:211,1
DA:213,1
DA:214,1
end_of_record
SF:/home/asset/zephyrproject/zephyr/include/zephyr/bluetooth/addr.h
FN:242,bt_addr_le_to_str
FNDA:0,bt_addr_le_to_str
DA:242,0
DA:247,0
BRDA:247,0,0,-
BRDA:247,0,1,-
BRDA:247,0,2,-
BRDA:247,0,3,-
BRDA:247,0,4,-
DA:248,0
DA:249,0
DA:250,0
DA:251,0
DA:252,0
DA:253,0
DA:254,0
DA:255,0
DA:256,0
DA:257,0
DA:258,0
DA:259,0
DA:260,0
DA:261,0
DA:262,0
DA:265,0
DA:266,0
DA:267,0
end_of_record
SF:/home/asset/zephyrproject/zephyr/include/zephyr/logging/log_msg.h
FN:709,z_log_msg_runtime_create
FNDA:0,z_log_msg_runtime_create
DA:709,0
DA:717,0
DA:718,0
DA:720,0
DA:721,0
end_of_record
SF:/home/asset/zephyrproject/build/zephyr/include/generated/syscalls/kernel.h
FN:208,k_sched_current_thread_query
FNDA:1,k_sched_current_thread_query
FN:616,k_queue_init
FNDA:2,k_queue_init
DA:208,1
DA:215,1
DA:216,1
DA:616,2
DA:625,2
DA:626,2
DA:627,2
end_of_record
SF:/home/asset/zephyrproject/zephyr/include/zephyr/sys/atomic_builtin.h
FN:58,atomic_get
FNDA:38,atomic_get
FN:68,atomic_set
FNDA:1,atomic_set
FN:92,atomic_or
FNDA:1,atomic_or
FN:102,atomic_and
FNDA:37,atomic_and
DA:58,38
DA:60,38
DA:68,1
DA:74,1
DA:92,1
DA:94,1
DA:102,37
DA:104,37
end_of_record
SF:/home/asset/zephyrproject/zephyr/include/zephyr/syscall.h
FN:115,k_is_user_context
FNDA:0,k_is_user_context
DA:115,0
DA:120,0
end_of_record
SF:/home/asset/zephyrproject/zephyr/include/zephyr/net/buf.h
FN:170,net_buf_simple_reset
FNDA:0,net_buf_simple_reset
FN:869,net_buf_simple_save
FNDA:37,net_buf_simple_save
FN:885,net_buf_simple_restore
FNDA:0,net_buf_simple_restore
FN:1250,net_buf_alloc
FNDA:36,net_buf_alloc
FN:1351,net_buf_destroy
FNDA:47,net_buf_destroy
FN:1465,net_buf_user_data
FNDA:0,net_buf_user_data
FN:1478,net_buf_reserve
FNDA:36,net_buf_reserve
FN:1494,net_buf_add
FNDA:159,net_buf_add
FN:1511,net_buf_add_mem
FNDA:0,net_buf_add_mem
FN:1874,net_buf_push
FNDA:0,net_buf_push
FN:2061,net_buf_pull
FNDA:0,net_buf_pull
FN:2077,net_buf_pull_mem
FNDA:67,net_buf_pull_mem
FN:2107,net_buf_pull_le16
FNDA:1,net_buf_pull_le16
FN:2256,net_buf_tailroom
FNDA:30,net_buf_tailroom
FN:2471,net_buf_frags_len
FNDA:140,net_buf_frags_len
DA:170,0
DA:172,0
DA:173,0
DA:174,0
DA:869,37
DA:872,37
DA:873,37
DA:874,37
DA:885,0
DA:888,0
DA:889,0
DA:890,0
DA:1250,36
DA:1253,36
DA:1351,47
DA:1353,47
DA:1355,47
BRDA:1355,0,0,47
BRDA:1355,0,1,0
DA:1356,47
BRDA:1356,0,0,47
BRDA:1356,0,1,0
DA:1357,47
DA:1359,47
DA:1362,47
DA:1363,47
DA:1465,0
DA:1467,0
DA:1478,36
DA:1480,36
DA:1481,36
DA:1494,159
DA:1496,159
DA:1511,0
DA:1514,0
DA:1874,0
DA:1876,0
DA:2061,0
DA:2063,0
DA:2077,67
DA:2079,67
DA:2107,1
DA:2109,1
DA:2256,30
DA:2258,30
DA:2471,140
DA:2473,140
DA:2475,280
BRDA:2475,0,0,140
BRDA:2475,0,1,140
DA:2476,140
DA:2477,140
DA:2480,140
end_of_record
SF:/home/asset/zephyrproject/zephyr/include/zephyr/bluetooth/gatt.h
FN:521,bt_gatt_foreach_attr
FNDA:37,bt_gatt_foreach_attr
DA:521,37
DA:525,37
DA:527,37
end_of_record
SF:/home/asset/zephyrproject/zephyr/include/zephyr/sys/slist.h
FN:199,sys_slist_init
FNDA:3,sys_slist_init
FN:211,z_snode_next_peek
FNDA:1,z_snode_next_peek
FN:216,z_snode_next_set
FNDA:1,z_snode_next_set
FN:221,z_slist_head_set
FNDA:1,z_slist_head_set
FN:226,z_slist_tail_set
FNDA:1,z_slist_tail_set
FN:238,sys_slist_peek_head
FNDA:44,sys_slist_peek_head
FN:250,sys_slist_peek_tail
FNDA:1,sys_slist_peek_tail
FN:268,sys_slist_is_empty
FNDA:39,sys_slist_is_empty
FN:281,sys_slist_peek_next_no_check
FNDA:1,sys_slist_peek_next_no_check
FN:292,sys_slist_peek_next
FNDA:1,sys_slist_peek_next
FN:305,sys_slist_prepend
FNDA:1,sys_slist_prepend
FN:318,sys_slist_append
FNDA:0,sys_slist_append
FN:379,sys_slist_get_not_empty
FNDA:0,sys_slist_get_not_empty
FN:392,sys_slist_get
FNDA:1,sys_slist_get
FN:408,sys_slist_remove
FNDA:0,sys_slist_remove
FN:435,sys_slist_find_and_remove
FNDA:0,sys_slist_find_and_remove
DA:199,3
DA:201,3
DA:202,3
DA:203,3
DA:211,1
DA:213,1
DA:216,1
DA:218,1
DA:219,1
DA:221,1
DA:223,1
DA:224,1
DA:226,1
DA:228,1
DA:229,1
DA:238,44
DA:240,44
DA:250,1
DA:252,1
DA:268,39
DA:281,1
DA:292,1
BRDA:292,0,0,1
BRDA:292,0,1,0
DA:305,1
BRDA:305,0,0,1
BRDA:305,0,1,0
DA:318,0
BRDA:318,0,0,-
BRDA:318,0,1,-
DA:379,0
BRDA:379,0,0,-
BRDA:379,0,1,-
DA:392,1
BRDA:392,0,0,0
BRDA:392,0,1,1
DA:408,0
BRDA:408,0,0,-
BRDA:408,0,1,-
BRDA:408,0,2,-
BRDA:408,0,3,-
BRDA:408,0,4,-
BRDA:408,0,5,-
DA:435,0
BRDA:435,0,0,-
BRDA:435,0,1,-
BRDA:435,0,2,-
BRDA:435,0,3,-
end_of_record
SF:/home/asset/zephyrproject/zephyr/subsys/bluetooth/host/att.c
FN:114,bt_att_is_enhanced
FNDA:74,bt_att_is_enhanced
FN:124,bt_att_mtu
FNDA:165,bt_att_mtu
FN:188,att_tx_destroy
FNDA:47,att_tx_destroy
FN:224,bt_att_get_tx_meta_data
FNDA:131,bt_att_get_tx_meta_data
FN:243,att_sent
FNDA:37,att_sent
FN:270,chan_send
FNDA:37,chan_send
FN:370,att_chan_matches_chan_opt
FNDA:0,att_chan_matches_chan_opt
FN:385,get_first_buf_matching_chan
FNDA:74,get_first_buf_matching_chan
FN:419,get_first_req_matching_chan
FNDA:0,get_first_req_matching_chan
FN:452,process_queue
FNDA:74,process_queue
FN:473,chan_req_send
FNDA:0,chan_req_send
FN:507,bt_att_sent
FNDA:37,bt_att_sent
FN:548,chan_rebegin_att_timeout
FNDA:0,chan_rebegin_att_timeout
FN:568,chan_req_notif_sent
FNDA:0,chan_req_notif_sent
FN:591,att_on_sent_cb
FNDA:37,att_on_sent_cb
FN:634,bt_att_chan_create_pdu
FNDA:11,bt_att_chan_create_pdu
FN:681,bt_att_chan_send
FNDA:0,bt_att_chan_send
FN:694,att_send_process
FNDA:0,att_send_process
FN:719,bt_att_chan_send_rsp
FNDA:37,bt_att_chan_send_rsp
FN:730,send_err_rsp
FNDA:10,send_err_rsp
FN:754,att_mtu_req
FNDA:0,att_mtu_req
FN:816,bt_att_chan_req_send
FNDA:0,bt_att_chan_req_send
FN:829,att_req_send_process
FNDA:0,att_req_send_process
FN:865,att_handle_rsp
FNDA:0,att_handle_rsp
FN:941,range_is_valid
FNDA:36,range_is_valid
FN:972,find_info_cb
FNDA:7,find_info_cb
FN:1024,att_find_info_rsp
FNDA:6,att_find_info_rsp
FN:1052,att_find_info_req
FNDA:6,att_find_info_req
FN:1082,find_type_cb
FNDA:0,find_type_cb
FN:1177,att_find_type_rsp
FNDA:0,att_find_type_rsp
FN:1214,att_find_type_req
FNDA:0,att_find_type_req
FN:1250,err_to_att
FNDA:0,err_to_att
FN:1273,attr_read_authorize
FNDA:21,attr_read_authorize
FN:1287,attr_read_type_cb
FNDA:21,attr_read_type_cb
FN:1305,att_chan_read
FNDA:30,att_chan_read
FN:1363,read_type_cb
FNDA:67,read_type_cb
FN:1428,att_read_type_rsp
FNDA:25,att_read_type_rsp
FN:1463,att_read_type_req
FNDA:25,att_read_type_req
FN:1506,read_cb
FNDA:0,read_cb
FN:1544,att_read_rsp
FNDA:0,att_read_rsp
FN:1589,att_read_req
FNDA:0,att_read_req
FN:1604,att_read_blob_req
FNDA:0,att_read_blob_req
FN:1621,att_read_mult_req
FNDA:0,att_read_mult_req
FN:1676,read_vl_cb
FNDA:0,read_vl_cb
FN:1725,att_read_mult_vl_req
FNDA:0,att_read_mult_vl_req
FN:1783,attr_read_group_cb
FNDA:9,attr_read_group_cb
FN:1801,read_group_cb
FNDA:60,read_group_cb
FN:1855,att_read_group_rsp
FNDA:5,att_read_group_rsp
FN:1888,att_read_group_req
FNDA:5,att_read_group_req
FN:1949,attr_write_authorize
FNDA:0,attr_write_authorize
FN:1963,write_cb
FNDA:1,write_cb
FN:2005,att_write_rsp
FNDA:1,att_write_rsp
FN:2059,att_write_req
FNDA:1,att_write_req
FN:2081,prep_write_cb
FNDA:0,prep_write_cb
FN:2135,att_prep_write_rsp
FNDA:0,att_prep_write_rsp
FN:2193,att_prepare_write_req
FNDA:0,att_prepare_write_req
FN:2213,exec_write_reassemble
FNDA:0,exec_write_reassemble
FN:2266,att_exec_write_rsp
FNDA:0,att_exec_write_rsp
FN:2335,att_exec_write_req
FNDA:0,att_exec_write_req
FN:2350,att_write_cmd
FNDA:0,att_write_cmd
FN:2362,att_signed_write_cmd
FNDA:0,att_signed_write_cmd
FN:2648,att_confirm
FNDA:0,att_confirm
FN:2800,att_op_get_type
FNDA:48,att_op_get_type
FN:2849,get_conn
FNDA:37,get_conn
FN:2854,bt_att_recv
FNDA:37,bt_att_recv
FN:2914,att_get
FNDA:0,att_get
FN:2939,bt_att_create_pdu
FNDA:0,bt_att_create_pdu
FN:2963,bt_att_create_rsp_pdu
FNDA:36,bt_att_create_rsp_pdu
FN:2993,att_reset
FNDA:0,att_reset
FN:3036,att_chan_detach
FNDA:0,att_chan_detach
FN:3058,att_timeout
FNDA:0,att_timeout
FN:3079,att_get_fixed_chan
FNDA:0,att_get_fixed_chan
FN:3089,att_chan_attach
FNDA:1,att_chan_attach
FN:3104,bt_att_connected
FNDA:1,bt_att_connected
FN:3120,bt_att_disconnected
FNDA:0,bt_att_disconnected
FN:3146,att_req_retry
FNDA:0,att_req_retry
FN:3176,bt_att_encrypt_change
FNDA:0,bt_att_encrypt_change
FN:3225,bt_att_status
FNDA:1,bt_att_status
FN:3260,bt_att_released
FNDA:0,bt_att_released
FN:3280,att_chan_new
FNDA:1,att_chan_new
FN:3383,bt_att_accept
FNDA:1,bt_att_accept
FN:3701,bt_eatt_accept
FNDA:0,bt_eatt_accept
FN:3718,bt_eatt_init
FNDA:0,bt_eatt_init
FN:3749,bt_att_init
FNDA:1,bt_att_init
FN:3758,bt_att_get_mtu
FNDA:0,bt_att_get_mtu
FN:3778,att_chan_mtu_updated
FNDA:1,att_chan_mtu_updated
FN:3802,bt_att_req_alloc
FNDA:0,bt_att_req_alloc
FN:3826,bt_att_req_free
FNDA:0,bt_att_req_free
FN:3838,bt_att_send
FNDA:0,bt_att_send
FN:3857,bt_att_req_send
FNDA:0,bt_att_req_send
FN:3877,bt_att_chan_req_cancel
FNDA:0,bt_att_chan_req_cancel
FN:3891,bt_att_req_cancel
FNDA:0,bt_att_req_cancel
FN:3920,bt_att_find_req_by_user_data
FNDA:0,bt_att_find_req_by_user_data
FN:3946,bt_att_fixed_chan_only
FNDA:0,bt_att_fixed_chan_only
FN:3955,bt_att_clear_out_of_sync_sent
FNDA:0,bt_att_clear_out_of_sync_sent
FN:3969,bt_att_out_of_sync_sent_on_fixed
FNDA:0,bt_att_out_of_sync_sent_on_fixed
FN:3983,bt_att_set_tx_meta_data
FNDA:0,bt_att_set_tx_meta_data
FN:3994,bt_att_increment_tx_meta_data_attr_count
FNDA:0,bt_att_increment_tx_meta_data_attr_count
FN:4001,bt_att_tx_meta_data_match
FNDA:0,bt_att_tx_meta_data_match
FN:4011,bt_att_chan_opt_valid
FNDA:0,bt_att_chan_opt_valid
FN:4028,bt_gatt_authorization_cb_register
FNDA:0,bt_gatt_authorization_cb_register
DA:114,74
DA:118,74
DA:124,165
DA:131,165
DA:188,47
DA:190,47
DA:193,47
BRDA:193,0,0,47
BRDA:193,0,1,0
BRDA:193,0,2,0
BRDA:193,0,3,0
DA:198,47
DA:204,47
DA:209,47
DA:215,47
BRDA:215,0,0,37
BRDA:215,0,1,10
DA:216,37
DA:218,47
DA:224,131
DA:231,131
DA:243,37
DA:245,37
DA:246,37
DA:247,37
DA:248,37
DA:252,37
BRDA:252,0,0,37
BRDA:252,0,1,0
BRDA:252,0,2,0
BRDA:252,0,3,0
DA:260,37
DA:261,37
DA:270,37
DA:275,37
DA:276,37
DA:278,37
DA:280,37
BRDA:280,0,0,37
BRDA:280,0,1,0
BRDA:280,0,2,0
BRDA:280,0,3,0
DA:282,37
BRDA:282,0,0,0
BRDA:282,0,1,37
DA:283,0
BRDA:283,0,0,-
BRDA:283,0,1,-
BRDA:283,0,2,-
BRDA:283,0,3,-
DA:284,0
DA:296,37
DA:297,37
DA:343,37
BRDA:343,0,0,0
BRDA:343,0,1,37
DA:344,0
DA:345,0
BRDA:345,0,0,-
BRDA:345,0,1,-
DA:346,0
BRDA:346,0,0,-
BRDA:346,0,1,-
BRDA:346,0,2,-
BRDA:346,0,3,-
DA:347,0
DA:348,0
DA:352,37
DA:354,37
DA:356,37
DA:357,37
BRDA:357,0,0,0
BRDA:357,0,1,37
DA:358,0
BRDA:358,0,0,-
BRDA:358,0,1,-
DA:359,0
BRDA:359,0,0,-
BRDA:359,0,1,-
BRDA:359,0,2,-
BRDA:359,0,3,-
DA:362,0
DA:363,0
DA:364,0
DA:367,37
DA:370,0
DA:374,0
BRDA:374,0,0,-
BRDA:374,0,1,-
DA:375,0
DA:378,0
BRDA:378,0,0,-
BRDA:378,0,1,-
DA:379,0
DA:381,0
DA:385,74
DA:415,74
DA:419,0
DA:443,0
DA:445,0
BRDA:445,0,0,-
BRDA:445,0,1,-
DA:446,0
DA:448,0
DA:452,74
DA:457,74
DA:458,74
BRDA:458,0,0,0
BRDA:458,0,1,74
DA:459,0
DA:460,0
BRDA:460,0,0,-
BRDA:460,0,1,-
DA:462,0
DA:463,0
DA:466,0
DA:469,74
DA:473,0
DA:478,0
BRDA:478,0,0,-
BRDA:478,0,1,-
DA:479,0
DA:482,0
BRDA:482,0,0,-
BRDA:482,0,1,-
BRDA:482,0,2,-
BRDA:482,0,3,-
DA:484,0
DA:487,0
DA:488,0
DA:493,0
DA:494,0
DA:495,0
BRDA:495,0,0,-
BRDA:495,0,1,-
DA:497,0
DA:498,0
DA:500,0
DA:502,0
DA:504,0
DA:507,37
DA:509,37
DA:510,37
DA:513,37
BRDA:513,0,0,37
BRDA:513,0,1,0
BRDA:513,0,2,0
BRDA:513,0,3,0
DA:515,37
DA:517,37
BRDA:517,0,0,0
BRDA:517,0,1,37
DA:518,0
BRDA:518,0,0,-
BRDA:518,0,1,-
BRDA:518,0,2,-
BRDA:518,0,3,-
DA:519,0
DA:527,37
BRDA:527,0,0,37
BRDA:527,0,1,0
BRDA:527,0,2,0
BRDA:527,0,3,37
DA:528,0
DA:530,0
BRDA:530,0,0,-
BRDA:530,0,1,-
DA:531,0
DA:535,0
DA:539,37
DA:540,37
BRDA:540,0,0,0
BRDA:540,0,1,37
DA:541,0
DA:545,37
DA:548,0
DA:550,0
DA:551,0
DA:553,0
BRDA:553,0,0,-
BRDA:553,0,1,-
BRDA:553,0,2,-
BRDA:553,0,3,-
DA:555,0
BRDA:555,0,0,-
BRDA:555,0,1,-
DA:556,0
BRDA:556,0,0,-
BRDA:556,0,1,-
BRDA:556,0,2,-
BRDA:556,0,3,-
DA:557,0
DA:563,0
BRDA:563,0,0,-
BRDA:563,0,1,-
DA:564,0
DA:568,0
DA:570,0
DA:571,0
DA:572,0
DA:573,0
DA:574,0
DA:575,0
DA:577,0
BRDA:577,0,0,-
BRDA:577,0,1,-
BRDA:577,0,2,-
BRDA:577,0,3,-
DA:579,0
BRDA:579,0,0,-
BRDA:579,0,1,-
DA:580,0
BRDA:580,0,0,-
BRDA:580,0,1,-
BRDA:580,0,2,-
BRDA:580,0,3,-
DA:581,0
DA:584,0
BRDA:584,0,0,-
BRDA:584,0,1,-
DA:585,0
BRDA:585,0,0,-
BRDA:585,0,1,-
DA:586,0
DA:591,37
DA:593,37
DA:595,37
BRDA:595,0,0,37
BRDA:595,0,1,0
BRDA:595,0,2,0
BRDA:595,0,3,0
DA:597,37
BRDA:597,0,0,37
BRDA:597,0,1,0
DA:598,37
BRDA:598,0,0,37
BRDA:598,0,1,0
DA:599,37
BRDA:599,0,0,0
BRDA:599,0,1,37
DA:600,0
BRDA:600,0,0,-
BRDA:600,0,1,-
BRDA:600,0,2,-
BRDA:600,0,3,-
DA:601,0
DA:604,37
BRDA:604,0,0,0
BRDA:604,0,1,37
DA:605,0
BRDA:605,0,0,-
BRDA:605,0,1,-
BRDA:605,0,2,-
BRDA:605,0,3,-
DA:606,0
DA:609,37
BRDA:609,0,0,37
BRDA:609,0,1,0
DA:611,37
BRDA:611,0,0,37
BRDA:611,0,1,0
BRDA:611,0,2,0
BRDA:611,0,3,0
DA:612,37
DA:615,37
BRDA:615,0,0,37
BRDA:615,0,1,0
BRDA:615,0,2,0
BRDA:615,0,3,0
BRDA:615,0,4,0
DA:616,37
DA:617,37
DA:618,0
DA:619,0
DA:620,0
DA:622,0
DA:623,0
DA:624,0
DA:626,0
DA:627,0
DA:628,0
DA:630,0
DA:634,11
DA:641,11
BRDA:641,0,0,0
BRDA:641,0,1,11
DA:642,0
BRDA:642,0,0,-
BRDA:642,0,1,-
BRDA:642,0,2,-
BRDA:642,0,3,-
DA:644,0
DA:647,11
BRDA:647,0,0,11
BRDA:647,0,1,0
DA:648,11
DA:651,11
DA:652,11
DA:653,0
DA:654,0
DA:658,11
DA:659,11
BRDA:659,0,0,0
BRDA:659,0,1,11
DA:660,0
BRDA:660,0,0,-
BRDA:660,0,1,-
BRDA:660,0,2,-
BRDA:660,0,3,-
DA:661,0
DA:667,11
DA:673,11
DA:675,11
DA:676,11
DA:678,11
DA:681,0
DA:683,0
BRDA:683,0,0,-
BRDA:683,0,1,-
BRDA:683,0,2,-
BRDA:683,0,3,-
DA:691,0
DA:694,0
DA:696,0
DA:697,0
DA:699,0
BRDA:699,0,0,-
BRDA:699,0,1,-
BRDA:699,0,2,-
BRDA:699,0,3,-
BRDA:699,0,4,-
BRDA:699,0,5,-
BRDA:699,0,6,-
BRDA:699,0,7,-
BRDA:699,0,8,-
BRDA:699,0,9,-
BRDA:699,0,10,-
BRDA:699,0,11,-
DA:700,0
BRDA:700,0,0,-
BRDA:700,0,1,-
BRDA:700,0,2,-
BRDA:700,0,3,-
BRDA:700,0,4,-
BRDA:700,0,5,-
DA:701,0
DA:706,0
DA:709,0
DA:710,0
BRDA:710,0,0,-
BRDA:710,0,1,-
DA:712,0
DA:715,0
DA:719,37
DA:723,37
DA:724,37
BRDA:724,0,0,0
BRDA:724,0,1,37
DA:726,0
DA:728,37
DA:730,10
DA:737,10
BRDA:737,0,0,0
BRDA:737,0,1,10
DA:738,0
DA:741,10
DA:742,10
BRDA:742,0,0,0
BRDA:742,0,1,10
DA:743,0
DA:746,10
DA:747,10
DA:748,10
DA:749,10
DA:751,10
DA:754,0
DA:764,0
BRDA:764,0,0,-
BRDA:764,0,1,-
DA:765,0
DA:768,0
DA:770,0
DA:772,0
BRDA:772,0,0,-
BRDA:772,0,1,-
BRDA:772,0,2,-
BRDA:772,0,3,-
DA:775,0
BRDA:775,0,0,-
BRDA:775,0,1,-
DA:776,0
DA:779,0
DA:780,0
BRDA:780,0,0,-
BRDA:780,0,1,-
DA:781,0
DA:784,0
DA:786,0
BRDA:786,0,0,-
BRDA:786,0,1,-
BRDA:786,0,2,-
BRDA:786,0,3,-
DA:788,0
DA:789,0
DA:791,0
DA:796,0
DA:797,0
DA:799,0
BRDA:799,0,0,-
BRDA:799,0,1,-
BRDA:799,0,2,-
BRDA:799,0,3,-
DA:811,0
DA:813,0
DA:816,0
DA:824,0
BRDA:824,0,0,-
BRDA:824,0,1,-
BRDA:824,0,2,-
BRDA:824,0,3,-
DA:826,0
DA:829,0
DA:831,0
DA:832,0
DA:834,0
BRDA:834,0,0,-
BRDA:834,0,1,-
BRDA:834,0,2,-
BRDA:834,0,3,-
BRDA:834,0,4,-
BRDA:834,0,5,-
BRDA:834,0,6,-
BRDA:834,0,7,-
BRDA:834,0,8,-
BRDA:834,0,9,-
BRDA:834,0,10,-
BRDA:834,0,11,-
DA:836,0
BRDA:836,0,0,-
BRDA:836,0,1,-
DA:837,0
DA:840,0
BRDA:840,0,0,-
BRDA:840,0,1,-
BRDA:840,0,2,-
BRDA:840,0,3,-
BRDA:840,0,4,-
BRDA:840,0,5,-
DA:845,0
DA:848,0
DA:851,0
DA:852,0
BRDA:852,0,0,-
BRDA:852,0,1,-
DA:853,0
DA:856,0
BRDA:856,0,0,-
BRDA:856,0,1,-
DA:857,0
DA:861,0
DA:865,0
DA:868,0
DA:871,0
BRDA:871,0,0,-
BRDA:871,0,1,-
BRDA:871,0,2,-
BRDA:871,0,3,-
DA:874,0
DA:876,0
BRDA:876,0,0,-
BRDA:876,0,1,-
DA:877,0
BRDA:877,0,0,-
BRDA:877,0,1,-
BRDA:877,0,2,-
BRDA:877,0,3,-
DA:878,0
DA:882,0
BRDA:882,0,0,-
BRDA:882,0,1,-
DA:883,0
DA:884,0
DA:888,0
DA:889,0
DA:890,0
DA:893,0
DA:894,0
DA:896,0
DA:898,0
DA:899,0
BRDA:899,0,0,-
BRDA:899,0,1,-
DA:900,0
DA:903,0
DA:941,36
DA:944,36
BRDA:944,0,0,36
BRDA:944,0,1,0
BRDA:944,0,2,0
BRDA:944,0,3,36
DA:945,0
BRDA:945,0,0,-
BRDA:945,0,1,-
DA:946,0
DA:948,0
DA:952,36
BRDA:952,0,0,0
BRDA:952,0,1,36
DA:953,0
BRDA:953,0,0,-
BRDA:953,0,1,-
DA:954,0
DA:956,0
DA:959,36
DA:972,7
DA:975,7
DA:976,7
DA:978,7
BRDA:978,0,0,7
BRDA:978,0,1,0
BRDA:978,0,2,0
BRDA:978,0,3,0
DA:981,7
BRDA:981,0,0,6
BRDA:981,0,1,1
DA:982,6
DA:983,6
BRDA:983,0,0,6
BRDA:983,0,1,0
DA:987,7
BRDA:987,0,0,7
BRDA:987,0,1,0
BRDA:987,0,2,0
DA:988,7
DA:989,7
BRDA:989,0,0,0
BRDA:989,0,1,7
DA:990,0
DA:994,7
DA:995,7
DA:996,7
DA:998,7
BRDA:998,0,0,7
BRDA:998,0,1,0
DA:1000,7
DA:1003,0
DA:1004,0
DA:1005,0
BRDA:1005,0,0,-
BRDA:1005,0,1,-
DA:1006,0
DA:1010,0
DA:1011,0
DA:1012,0
DA:1015,0
BRDA:1015,0,0,-
BRDA:1015,0,1,-
DA:1017,0
DA:1021,0
DA:1024,6
DA:1029,6
DA:1031,6
DA:1032,6
BRDA:1032,0,0,0
BRDA:1032,0,1,6
DA:1033,0
DA:1036,6
DA:1037,6
DA:1039,6
BRDA:1039,0,0,0
BRDA:1039,0,1,6
DA:1040,0
DA:1042,0
DA:1044,0
DA:1047,6
DA:1049,6
DA:1052,6
DA:1057,6
DA:1059,6
DA:1060,6
DA:1062,6
BRDA:1062,0,0,6
BRDA:1062,0,1,0
BRDA:1062,0,2,0
BRDA:1062,0,3,0
DA:1064,6
BRDA:1064,0,0,0
BRDA:1064,0,1,6
DA:1065,0
DA:1067,0
DA:1070,6
DA:1082,0
DA:1085,0
DA:1086,0
DA:1087,0
DA:1094,0
BRDA:1094,0,0,-
BRDA:1094,0,1,-
DA:1095,0
DA:1099,0
BRDA:1099,0,0,-
BRDA:1099,0,1,-
DA:1100,0
BRDA:1100,0,0,-
BRDA:1100,0,1,-
DA:1101,0
BRDA:1101,0,0,-
BRDA:1101,0,1,-
DA:1102,0
DA:1104,0
DA:1107,0
BRDA:1107,0,0,-
BRDA:1107,0,1,-
BRDA:1107,0,2,-
BRDA:1107,0,3,-
DA:1110,0
BRDA:1110,0,0,-
BRDA:1110,0,1,-
DA:1112,0
DA:1115,0
DA:1117,0
BRDA:1117,0,0,-
BRDA:1117,0,1,-
DA:1119,0
BRDA:1119,0,0,-
BRDA:1119,0,1,-
DA:1120,0
DA:1121,0
DA:1123,0
BRDA:1123,0,0,-
BRDA:1123,0,1,-
DA:1124,0
DA:1127,0
DA:1131,0
DA:1132,0
BRDA:1132,0,0,-
BRDA:1132,0,1,-
DA:1137,0
DA:1141,0
BRDA:1141,0,0,-
BRDA:1141,0,1,-
DA:1146,0
BRDA:1146,0,0,-
BRDA:1146,0,1,-
DA:1147,0
BRDA:1147,0,0,-
BRDA:1147,0,1,-
BRDA:1147,0,2,-
BRDA:1147,0,3,-
DA:1148,0
DA:1150,0
BRDA:1150,0,0,-
BRDA:1150,0,1,-
DA:1151,0
BRDA:1151,0,0,-
BRDA:1151,0,1,-
BRDA:1151,0,2,-
BRDA:1151,0,3,-
DA:1152,0
DA:1154,0
BRDA:1154,0,0,-
BRDA:1154,0,1,-
DA:1155,0
DA:1157,0
BRDA:1157,0,0,-
BRDA:1157,0,1,-
DA:1158,0
DA:1162,0
DA:1165,0
DA:1166,0
DA:1167,0
DA:1170,0
DA:1172,0
DA:1173,0
DA:1174,0
DA:1177,0
DA:1183,0
DA:1185,0
DA:1186,0
BRDA:1186,0,0,-
BRDA:1186,0,1,-
DA:1187,0
DA:1190,0
DA:1191,0
DA:1192,0
DA:1193,0
DA:1196,0
DA:1198,0
DA:1201,0
BRDA:1201,0,0,-
BRDA:1201,0,1,-
DA:1202,0
DA:1204,0
DA:1205,0
DA:1206,0
DA:1209,0
DA:1211,0
DA:1214,0
DA:1220,0
DA:1222,0
DA:1223,0
DA:1224,0
DA:1225,0
DA:1227,0
BRDA:1227,0,0,-
BRDA:1227,0,1,-
BRDA:1227,0,2,-
BRDA:1227,0,3,-
DA:1229,0
BRDA:1229,0,0,-
BRDA:1229,0,1,-
DA:1230,0
DA:1232,0
DA:1240,0
BRDA:1240,0,0,-
BRDA:1240,0,1,-
DA:1241,0
DA:1243,0
DA:1246,0
DA:1247,0
DA:1250,0
DA:1252,0
BRDA:1252,0,0,-
BRDA:1252,0,1,-
BRDA:1252,0,2,-
BRDA:1252,0,3,-
DA:1254,0
BRDA:1254,0,0,-
BRDA:1254,0,1,-
BRDA:1254,0,2,-
BRDA:1254,0,3,-
DA:1255,0
DA:1258,0
DA:1273,21
DA:1277,21
DA:1287,21
DA:1290,21
DA:1292,21
BRDA:1292,0,0,17
BRDA:1292,0,1,4
DA:1294,17
DA:1295,4
BRDA:1295,0,0,0
BRDA:1295,0,1,4
DA:1297,0
DA:1298,0
DA:1299,0
DA:1302,21
DA:1305,30
DA:1310,30
DA:1313,30
DA:1315,30
BRDA:1315,0,0,0
BRDA:1315,0,1,30
DA:1316,0
DA:1319,30
DA:1325,30
BRDA:1325,0,0,30
BRDA:1325,0,1,0
DA:1327,30
BRDA:1327,0,0,0
BRDA:1327,0,1,30
DA:1328,0
DA:1329,0
DA:1331,0
BRDA:1331,0,0,-
BRDA:1331,0,1,-
DA:1332,0
DA:1335,0
DA:1337,0
BRDA:1337,0,0,-
BRDA:1337,0,1,-
DA:1341,30
DA:1343,30
BRDA:1343,0,0,0
BRDA:1343,0,1,30
DA:1344,0
BRDA:1344,0,0,-
BRDA:1344,0,1,-
DA:1345,0
DA:1348,0
DA:1351,30
BRDA:1351,0,0,30
BRDA:1351,0,1,0
BRDA:1351,0,2,1
BRDA:1351,0,3,29
DA:1352,1
DA:1355,29
DA:1356,29
DA:1357,29
DA:1358,29
BRDA:1358,0,0,23
BRDA:1358,0,1,6
BRDA:1358,0,2,0
BRDA:1358,0,3,23
DA:1360,30
DA:1363,67
DA:1366,67
DA:1367,67
DA:1368,67
DA:1372,67
BRDA:1372,0,0,46
BRDA:1372,0,1,21
DA:1373,46
DA:1376,21
BRDA:1376,0,0,21
BRDA:1376,0,1,0
BRDA:1376,0,2,0
BRDA:1376,0,3,0
DA:1388,21
DA:1389,21
BRDA:1389,0,0,0
BRDA:1389,0,1,21
DA:1390,0
BRDA:1390,0,0,-
BRDA:1390,0,1,-
DA:1391,0
DA:1393,0
DA:1397,21
BRDA:1397,0,0,0
BRDA:1397,0,1,21
DA:1398,0
DA:1399,0
DA:1406,21
DA:1409,21
DA:1411,21
DA:1413,21
DA:1414,21
BRDA:1414,0,0,0
BRDA:1414,0,1,21
DA:1415,0
DA:1416,0
DA:1419,21
BRDA:1419,0,0,0
BRDA:1419,0,1,21
DA:1420,0
DA:1424,21
DA:1425,21
DA:1428,25
DA:1433,25
DA:1435,25
DA:1436,25
BRDA:1436,0,0,0
BRDA:1436,0,1,25
DA:1437,0
DA:1440,25
DA:1441,25
DA:1442,25
DA:1443,25
DA:1446,25
DA:1448,25
DA:1450,25
BRDA:1450,0,0,8
BRDA:1450,0,1,17
DA:1451,8
DA:1453,8
DA:1454,8
DA:1455,8
DA:1458,17
DA:1460,17
DA:1463,25
DA:1472,25
DA:1475,25
BRDA:1475,0,0,0
BRDA:1475,0,1,25
BRDA:1475,0,2,0
BRDA:1475,0,3,0
DA:1476,0
DA:1479,25
DA:1481,25
DA:1482,25
DA:1483,25
BRDA:1483,0,0,0
BRDA:1483,0,1,25
DA:1484,0
DA:1487,25
BRDA:1487,0,0,25
BRDA:1487,0,1,0
BRDA:1487,0,2,0
BRDA:1487,0,3,0
DA:1490,25
BRDA:1490,0,0,0
BRDA:1490,0,1,25
DA:1491,0
DA:1493,0
DA:1496,25
DA:1506,0
DA:1509,0
DA:1510,0
DA:1511,0
DA:1514,0
BRDA:1514,0,0,-
BRDA:1514,0,1,-
BRDA:1514,0,2,-
BRDA:1514,0,3,-
DA:1520,0
DA:1523,0
DA:1524,0
BRDA:1524,0,0,-
BRDA:1524,0,1,-
DA:1525,0
DA:1529,0
BRDA:1529,0,0,-
BRDA:1529,0,1,-
DA:1530,0
DA:1531,0
DA:1535,0
DA:1536,0
BRDA:1536,0,0,-
BRDA:1536,0,1,-
DA:1537,0
DA:1538,0
DA:1541,0
DA:1544,0
DA:1549,0
BRDA:1549,0,0,-
BRDA:1549,0,1,-
DA:1550,0
BRDA:1550,0,0,-
BRDA:1550,0,1,-
DA:1551,0
DA:1553,0
DA:1557,0
BRDA:1557,0,0,-
BRDA:1557,0,1,-
DA:1558,0
DA:1561,0
DA:1563,0
DA:1564,0
BRDA:1564,0,0,-
BRDA:1564,0,1,-
DA:1565,0
DA:1568,0
DA:1569,0
DA:1572,0
DA:1574,0
DA:1577,0
BRDA:1577,0,0,-
BRDA:1577,0,1,-
DA:1578,0
DA:1580,0
DA:1581,0
DA:1584,0
DA:1586,0
DA:1589,0
DA:1594,0
DA:1596,0
DA:1598,0
BRDA:1598,0,0,-
BRDA:1598,0,1,-
BRDA:1598,0,2,-
BRDA:1598,0,3,-
DA:1600,0
DA:1604,0
DA:1609,0
DA:1611,0
DA:1612,0
DA:1614,0
BRDA:1614,0,0,-
BRDA:1614,0,1,-
BRDA:1614,0,2,-
BRDA:1614,0,3,-
DA:1616,0
DA:1621,0
DA:1626,0
BRDA:1626,0,0,-
BRDA:1626,0,1,-
DA:1627,0
BRDA:1627,0,0,-
BRDA:1627,0,1,-
DA:1628,0
DA:1630,0
DA:1634,0
DA:1636,0
DA:1637,0
BRDA:1637,0,0,-
BRDA:1637,0,1,-
DA:1638,0
DA:1641,0
DA:1643,0
BRDA:1643,0,0,-
BRDA:1643,0,1,-
DA:1644,0
DA:1646,0
BRDA:1646,0,0,-
BRDA:1646,0,1,-
BRDA:1646,0,2,-
BRDA:1646,0,3,-
DA:1655,0
DA:1657,0
DA:1660,0
BRDA:1660,0,0,-
BRDA:1660,0,1,-
DA:1661,0
DA:1663,0
DA:1664,0
DA:1665,0
DA:1669,0
DA:1671,0
DA:1676,0
DA:1679,0
DA:1680,0
DA:1681,0
DA:1685,0
BRDA:1685,0,0,-
BRDA:1685,0,1,-
BRDA:1685,0,2,-
BRDA:1685,0,3,-
DA:1691,0
DA:1694,0
DA:1695,0
BRDA:1695,0,0,-
BRDA:1695,0,1,-
DA:1696,0
DA:1700,0
BRDA:1700,0,0,-
BRDA:1700,0,1,-
DA:1701,0
DA:1702,0
DA:1708,0
BRDA:1708,0,0,-
BRDA:1708,0,1,-
DA:1709,0
DA:1712,0
DA:1714,0
DA:1715,0
BRDA:1715,0,0,-
BRDA:1715,0,1,-
DA:1716,0
DA:1717,0
DA:1720,0
DA:1722,0
DA:1725,0
DA:1730,0
BRDA:1730,0,0,-
BRDA:1730,0,1,-
DA:1731,0
BRDA:1731,0,0,-
BRDA:1731,0,1,-
DA:1732,0
DA:1734,0
DA:1738,0
DA:1740,0
DA:1741,0
[...]
FN:29,decide_about_color
FNDA:1,decide_about_color
FN:51,nsi_vprint_warning
FNDA:0,nsi_vprint_warning
FN:67,nsi_vprint_error_and_exit
FNDA:0,nsi_vprint_error_and_exit
FN:85,nsi_vprint_trace
FNDA:15,nsi_vprint_trace
FN:101,trace_disable_color
FNDA:0,trace_disable_color
FN:107,trace_enable_color
FNDA:0,trace_enable_color
FN:114,trace_force_color
FNDA:0,trace_force_color
FN:120,nsi_trace_over_tty
FNDA:0,nsi_trace_over_tty
FN:127,nsi_add_tracing_options
FNDA:1,nsi_add_tracing_options
DA:29,1
DA:31,1
BRDA:31,0,0,1
BRDA:31,0,1,0
DA:32,1
DA:34,1
BRDA:34,0,0,1
BRDA:34,0,1,0
DA:35,1
DA:37,1
DA:51,0
DA:53,0
BRDA:53,0,0,-
BRDA:53,0,1,-
DA:54,0
DA:56,0
BRDA:56,0,0,-
BRDA:56,0,1,-
DA:57,0
DA:60,0
DA:62,0
BRDA:62,0,0,-
BRDA:62,0,1,-
DA:63,0
DA:65,0
DA:67,0
DA:69,0
BRDA:69,0,0,-
BRDA:69,0,1,-
DA:70,0
DA:72,0
BRDA:72,0,0,-
BRDA:72,0,1,-
DA:73,0
DA:76,0
DA:78,0
BRDA:78,0,0,-
BRDA:78,0,1,-
DA:79,0
DA:82,0
DA:85,15
DA:87,15
BRDA:87,0,0,0
BRDA:87,0,1,15
DA:88,0
DA:90,15
BRDA:90,0,0,15
BRDA:90,0,1,0
DA:91,15
DA:94,15
DA:96,15
BRDA:96,0,0,15
BRDA:96,0,1,0
DA:97,15
DA:99,15
DA:101,0
DA:103,0
DA:104,0
DA:105,0
DA:107,0
DA:109,0
DA:110,0
DA:112,0
DA:114,0
DA:116,0
DA:117,0
DA:118,0
DA:120,0
DA:122,0
DA:127,1
DA:154,1
DA:155,1
end_of_record
TN:
SF:/home/asset/zephyrproject/zephyr/scripts/native_simulator/native/src/nsi_cmdline.c
FN:30,nsi_cleanup_cmd_line
FNDA:1,nsi_cleanup_cmd_line
FN:46,nsi_add_command_line_opts
FNDA:5,nsi_add_command_line_opts
FN:85,nsi_add_testargs_option
FNDA:1,nsi_add_testargs_option
FN:102,print_invalid_opt_error
FNDA:0,print_invalid_opt_error
FN:115,nsi_handle_cmd_line
FNDA:1,nsi_handle_cmd_line
FN:148,nsi_register_extra_args
FNDA:0,nsi_register_extra_args
FN:159,clear_extra_args
FNDA:1,clear_extra_args
FN:170,nsi_get_cmd_line_args
FNDA:0,nsi_get_cmd_line_args
FN:180,nsi_get_test_cmd_line_args
FNDA:0,nsi_get_test_cmd_line_args
DA:30,1
DA:32,1
BRDA:32,0,0,1
BRDA:32,0,1,0
DA:33,1
DA:34,1
DA:36,1
DA:46,5
DA:48,5
DA:50,21
BRDA:50,0,0,16
BRDA:50,0,1,5
DA:51,16
DA:53,5
DA:55,5
BRDA:55,0,0,1
BRDA:55,0,1,4
DA:56,1
DA:58,1
BRDA:58,0,0,1
BRDA:58,0,1,0
DA:59,1
DA:62,1
DA:63,1
DA:65,1
DA:67,1
BRDA:67,0,0,0
BRDA:67,0,1,1
DA:68,0
DA:70,1
DA:75,5
DA:78,5
DA:83,5
DA:85,1
DA:99,1
DA:100,1
DA:102,0
DA:104,0
DA:108,0
DA:115,1
DA:119,1
DA:121,1
DA:122,1
DA:124,1
DA:126,1
BRDA:126,0,0,0
BRDA:126,0,1,1
DA:127,0
BRDA:127,0,0,-
BRDA:127,0,1,-
DA:128,0
DA:129,0
DA:133,2
BRDA:133,0,0,1
BRDA:133,0,1,1
DA:135,1
BRDA:135,0,0,0
BRDA:135,0,1,1
DA:136,0
DA:137,0
DA:138,0
DA:141,1
BRDA:141,0,0,0
BRDA:141,0,1,1
DA:142,0
DA:143,0
DA:146,1
DA:148,0
DA:150,0
DA:152,0
DA:153,0
BRDA:153,0,0,-
BRDA:153,0,1,-
DA:154,0
DA:156,0
DA:157,0
DA:159,1
DA:161,1
DA:162,1
DA:170,0
DA:172,0
DA:173,0
DA:174,0
DA:180,0
DA:182,0
DA:183,0
DA:184,0
end_of_record
TN:
SF:/home/asset/zephyrproject/zephyr/scripts/native_simulator/common/src/include/nsi_hw_scheduler.h
FN:19,nsi_hws_get_time
FNDA:0,nsi_hws_get_time
DA:19,0
DA:22,0
end_of_record
SF:/home/asset/zephyrproject/zephyr/scripts/native_simulator/native/src/native_rtc.c
FN:18,native_rtc_gettime_us
FNDA:0,native_rtc_gettime_us
FN:42,native_rtc_gettime
FNDA:0,native_rtc_gettime
FN:58,native_rtc_offset
FNDA:0,native_rtc_offset
FN:66,native_rtc_adjust_clock
FNDA:0,native_rtc_adjust_clock
DA:18,0
DA:20,0
BRDA:20,0,0,-
BRDA:20,0,1,-
DA:21,0
DA:22,0
BRDA:22,0,0,-
BRDA:22,0,1,-
DA:23,0
DA:24,0
BRDA:24,0,0,-
BRDA:24,0,1,-
DA:28,0
DA:29,0
DA:32,0
DA:34,0
DA:42,0
DA:44,0
BRDA:44,0,0,-
BRDA:44,0,1,-
BRDA:44,0,2,-
BRDA:44,0,3,-
DA:45,0
DA:46,0
DA:47,0
DA:49,0
DA:51,0
DA:58,0
DA:60,0
DA:61,0
DA:66,0
DA:68,0
DA:69,0
end_of_record
TN:
SF:/home/asset/zephyrproject/zephyr/scripts/native_simulator/native/src/hw_counter.c
FN:25,hw_counter_init
FNDA:1,hw_counter_init
FN:37,hw_counter_triggered
FNDA:0,hw_counter_triggered
FN:58,hw_counter_set_period
FNDA:0,hw_counter_set_period
FN:68,hw_counter_set_wrap_value
FNDA:0,hw_counter_set_wrap_value
FN:77,hw_counter_start
FNDA:0,hw_counter_start
FN:94,hw_counter_stop
FNDA:0,hw_counter_stop
FN:101,hw_counter_is_started
FNDA:0,hw_counter_is_started
FN:109,hw_counter_get_value
FNDA:0,hw_counter_get_value
FN:117,hw_counter_reset
FNDA:0,hw_counter_reset
FN:126,hw_counter_set_target
FNDA:0,hw_counter_set_target
DA:25,1
DA:27,1
DA:28,1
DA:29,1
DA:30,1
DA:31,1
DA:32,1
DA:33,1
DA:37,0
DA:39,0
BRDA:39,0,0,-
BRDA:39,0,1,-
DA:40,0
DA:41,0
DA:44,0
DA:45,0
DA:47,0
BRDA:47,0,0,-
BRDA:47,0,1,-
DA:48,0
DA:58,0
DA:60,0
DA:61,0
DA:68,0
DA:70,0
DA:71,0
DA:77,0
DA:79,0
BRDA:79,0,0,-
BRDA:79,0,1,-
DA:80,0
DA:83,0
DA:85,0
DA:86,0
DA:94,0
DA:96,0
DA:97,0
DA:98,0
DA:99,0
DA:101,0
DA:103,0
DA:109,0
DA:111,0
DA:117,0
DA:119,0
DA:120,0
DA:126,0
DA:128,0
DA:129,0
end_of_record
SF:/home/asset/zephyrproject/zephyr/scripts/native_simulator/common/src/include/nsi_hw_scheduler.h
FN:19,nsi_hws_get_time
FNDA:0,nsi_hws_get_time
DA:19,0
DA:22,0
end_of_record
TN:
SF:/home/asset/zephyrproject/build/zephyr/include/generated/syscalls/kernel.h
FN:59,k_thread_create
FNDA:1,k_thread_create
FN:126,k_sleep
FNDA:162,k_sleep
FN:175,k_yield
FNDA:65,k_yield
DA:59,1
DA:84,1
DA:85,1
DA:126,162
DA:134,162
DA:135,162
DA:175,65
DA:183,65
DA:184,65
DA:185,65
end_of_record
SF:/home/asset/zephyrproject/zephyr/include/zephyr/logging/log_msg.h
FN:709,z_log_msg_runtime_create
FNDA:0,z_log_msg_runtime_create
DA:709,0
DA:717,0
DA:718,0
DA:720,0
DA:721,0
end_of_record
SF:/home/asset/zephyrproject/zephyr/drivers/bluetooth/hci/userchan.c
FN:70,get_rx
FNDA:104,get_rx
FN:104,packet_len
FNDA:104,packet_len
FN:161,uc_ready
FNDA:227,uc_ready
FN:168,rx_thread
FNDA:1,rx_thread
FN:248,uc_send
FNDA:101,uc_send
FN:283,user_chan_open
FNDA:1,user_chan_open
FN:335,uc_open
FNDA:1,uc_open
FN:369,bt_uc_init
FNDA:1,bt_uc_init
FN:379,cmd_bt_dev_found
FNDA:1,cmd_bt_dev_found
FN:410,add_btuserchan_arg
FNDA:1,add_btuserchan_arg
FN:431,btuserchan_check_arg
FNDA:1,btuserchan_check_arg
DA:70,104
DA:72,104
DA:73,104
DA:75,104
BRDA:75,0,0,67
BRDA:75,0,1,37
BRDA:75,0,2,0
BRDA:75,0,3,0
DA:76,67
DA:77,67
BRDA:77,0,0,3
BRDA:77,0,1,64
DA:78,3
BRDA:78,0,0,0
BRDA:78,0,1,3
DA:79,0
DA:80,0
DA:83,104
DA:84,37
DA:85,37
DA:86,0
DA:92,0
BRDA:92,0,0,-
BRDA:92,0,1,-
BRDA:92,0,2,-
BRDA:92,0,3,-
DA:95,0
DA:104,104
DA:106,104
DA:107,104
DA:108,104
DA:109,104
DA:111,104
BRDA:111,0,0,0
BRDA:111,0,1,37
BRDA:111,0,2,0
BRDA:111,0,3,67
BRDA:111,0,4,0
BRDA:111,0,5,0
DA:112,0
DA:113,0
DA:116,0
DA:117,0
DA:118,0
DA:120,37
DA:121,37
DA:124,37
DA:125,37
DA:126,37
DA:128,0
DA:129,0
DA:132,0
DA:133,0
DA:134,0
DA:136,67
DA:137,67
DA:140,67
DA:141,67
DA:142,67
DA:144,0
DA:145,0
DA:148,0
DA:149,0
DA:150,0
DA:153,0
DA:154,0
BRDA:154,0,0,-
BRDA:154,0,1,-
BRDA:154,0,2,-
BRDA:154,0,3,-
DA:155,0
DA:158,104
DA:161,227
DA:163,227
DA:165,227
DA:168,1
DA:174,1
BRDA:174,0,0,1
BRDA:174,0,1,0
BRDA:174,0,2,0
BRDA:174,0,3,0
DA:176,226
DA:182,227
DA:184,227
BRDA:184,0,0,162
BRDA:184,0,1,65
DA:185,162
DA:186,161
DA:189,65
BRDA:189,0,0,65
BRDA:189,0,1,0
BRDA:189,0,2,0
BRDA:189,0,3,0
DA:191,65
DA:192,65
BRDA:192,0,0,0
BRDA:192,0,1,65
DA:193,0
BRDA:193,0,0,-
BRDA:193,0,1,-
DA:194,0
DA:195,0
DA:198,0
BRDA:198,0,0,-
BRDA:198,0,1,-
BRDA:198,0,2,-
BRDA:198,0,3,-
DA:199,0
DA:200,0
DA:201,0
DA:204,169
BRDA:204,0,0,104
BRDA:204,0,1,65
DA:206,104
DA:207,104
DA:209,104
BRDA:209,0,0,0
BRDA:209,0,1,104
DA:210,0
BRDA:210,0,0,-
BRDA:210,0,1,-
BRDA:210,0,2,-
BRDA:210,0,3,-
DA:211,0
DA:214,104
BRDA:214,0,0,0
BRDA:214,0,1,104
DA:215,0
BRDA:215,0,0,-
BRDA:215,0,1,-
BRDA:215,0,2,-
BRDA:215,0,3,-
DA:217,0
DA:220,104
DA:221,104
BRDA:221,0,0,0
BRDA:221,0,1,104
DA:222,0
BRDA:222,0,0,-
BRDA:222,0,1,-
BRDA:222,0,2,-
BRDA:222,0,3,-
DA:223,0
DA:226,104
DA:227,104
DA:228,104
BRDA:228,0,0,0
BRDA:228,0,1,104
DA:229,0
BRDA:229,0,0,-
BRDA:229,0,1,-
BRDA:229,0,2,-
BRDA:229,0,3,-
DA:231,0
DA:232,0
DA:235,104
DA:237,104
BRDA:237,0,0,104
BRDA:237,0,1,0
BRDA:237,0,2,0
BRDA:237,0,3,0
DA:239,104
DA:240,104
DA:241,104
DA:244,65
DA:248,101
DA:250,101
BRDA:250,0,0,101
BRDA:250,0,1,0
BRDA:250,0,2,0
BRDA:250,0,3,0
DA:252,101
BRDA:252,0,0,0
BRDA:252,0,1,101
DA:253,0
BRDA:253,0,0,-
BRDA:253,0,1,-
BRDA:253,0,2,-
BRDA:253,0,3,-
DA:254,0
DA:257,101
BRDA:257,0,0,37
BRDA:257,0,1,64
BRDA:257,0,2,0
BRDA:257,0,3,0
DA:258,37
DA:259,37
DA:260,37
DA:261,64
DA:262,64
DA:263,64
DA:264,0
DA:271,0
BRDA:271,0,0,-
BRDA:271,0,1,-
BRDA:271,0,2,-
BRDA:271,0,3,-
DA:272,0
DA:275,101
BRDA:275,0,0,0
BRDA:275,0,1,101
DA:276,0
DA:279,101
DA:280,101
DA:283,1
DA:287,1
BRDA:287,0,0,0
BRDA:287,0,1,1
DA:290,0
DA:292,0
BRDA:292,0,0,-
BRDA:292,0,1,-
DA:293,0
DA:296,0
DA:297,0
DA:298,0
DA:299,0
DA:301,0
BRDA:301,0,0,-
BRDA:301,0,1,-
DA:302,0
DA:304,0
DA:305,0
DA:310,1
DA:311,1
BRDA:311,0,0,0
BRDA:311,0,1,1
DA:312,0
DA:315,1
DA:316,1
DA:317,1
BRDA:317,0,0,0
BRDA:317,0,1,1
DA:318,0
DA:320,0
DA:321,0
DA:324,1
BRDA:324,0,0,0
BRDA:324,0,1,1
DA:325,0
DA:327,0
DA:328,0
DA:332,1
DA:335,1
DA:337,1
BRDA:337,0,0,0
BRDA:337,0,1,1
DA:338,0
BRDA:338,0,0,-
BRDA:338,0,1,-
BRDA:338,0,2,-
BRDA:338,0,3,-
DA:340,1
BRDA:340,0,0,1
BRDA:340,0,1,0
BRDA:340,0,2,0
BRDA:340,0,3,0
DA:344,1
DA:345,1
BRDA:345,0,0,0
BRDA:345,0,1,1
DA:346,0
DA:349,1
BRDA:349,0,0,1
BRDA:349,0,1,0
BRDA:349,0,2,0
BRDA:349,0,3,0
DA:351,1
DA:355,1
DA:357,1
BRDA:357,0,0,1
BRDA:357,0,1,0
BRDA:357,0,2,0
BRDA:357,0,3,0
DA:359,1
DA:369,1
DA:372,1
DA:374,1
DA:379,1
DA:381,1
DA:382,1
BRDA:382,0,0,0
BRDA:382,0,1,1
BRDA:382,0,2,0
BRDA:382,0,3,0
DA:383,0
DA:385,0
BRDA:385,0,0,-
BRDA:385,0,1,-
BRDA:385,0,2,-
BRDA:385,0,3,-
DA:386,0
DA:387,0
DA:389,0
DA:392,1
BRDA:392,0,0,1
BRDA:392,0,1,0
DA:393,1
BRDA:393,0,0,0
BRDA:393,0,1,1
DA:394,0
DA:399,1
BRDA:399,0,0,0
BRDA:399,0,1,1
DA:400,0
DA:404,0
DA:408,1
DA:410,1
DA:428,1
DA:429,1
DA:431,1
DA:433,1
BRDA:433,0,0,0
BRDA:433,0,1,1
DA:434,0
DA:438,1
end_of_record
SF:/home/asset/zephyrproject/zephyr/include/zephyr/net/buf.h
FN:1465,net_buf_user_data
FNDA:101,net_buf_user_data
FN:1511,net_buf_add_mem
FNDA:104,net_buf_add_mem
FN:1905,net_buf_push_u8
FNDA:101,net_buf_push_u8
FN:2256,net_buf_tailroom
FNDA:104,net_buf_tailroom
DA:1465,101
DA:1467,101
DA:1511,104
DA:1514,104
DA:1905,101
DA:1907,101
DA:1908,101
DA:2256,104
DA:2258,104
end_of_record
SF:/home/asset/zephyrproject/zephyr/include/zephyr/syscall.h
FN:115,k_is_user_context
FNDA:0,k_is_user_context
DA:115,0
DA:120,0
end_of_record
SF:/home/asset/zephyrproject/zephyr/include/zephyr/bluetooth/buf.h
FN:161,bt_buf_get_type
FNDA:101,bt_buf_get_type
DA:161,101
DA:163,101
DA:164,101
end_of_record
TN:
SF:/home/asset/zephyrproject/zephyr/drivers/console/posix_arch_console.c
FN:15,print_char
FNDA:0,print_char
FN:41,posix_flush_stdout
FNDA:0,posix_flush_stdout
FN:51,posix_arch_console_init
FNDA:1,posix_arch_console_init
DA:15,0
DA:17,0
DA:19,0
BRDA:19,0,0,-
BRDA:19,0,1,-
BRDA:19,0,2,-
BRDA:19,0,3,-
DA:20,0
DA:21,0
DA:23,0
DA:26,0
BRDA:26,0,0,-
BRDA:26,0,1,-
DA:27,0
DA:30,0
BRDA:30,0,0,-
BRDA:30,0,1,-
DA:31,0
DA:32,0
DA:33,0
DA:35,0
DA:41,0
DA:43,0
BRDA:43,0,0,-
BRDA:43,0,1,-
DA:44,0
DA:45,0
DA:46,0
DA:47,0
DA:49,0
DA:51,1
DA:55,1
DA:61,1
end_of_record
TN:
SF:/home/asset/zephyrproject/zephyr/drivers/flash/flash_simulator.c
FN:168,flash_range_is_valid
FNDA:784,flash_range_is_valid
FN:181,flash_sim_read
FNDA:784,flash_sim_read
FN:212,flash_sim_write
FNDA:0,flash_sim_write
FN:287,unit_erase
FNDA:0,unit_erase
FN:297,flash_sim_erase
FNDA:0,flash_sim_erase
FN:347,flash_sim_page_layout
FNDA:2,flash_sim_page_layout
FN:357,flash_sim_get_parameters
FNDA:2,flash_sim_get_parameters
FN:376,flash_mock_init
FNDA:1,flash_mock_init
FN:413,flash_init
FNDA:1,flash_init
FN:427,flash_native_posix_cleanup
FNDA:1,flash_native_posix_cleanup
FN:434,flash_native_posix_options
FNDA:1,flash_native_posix_options
FN:473,z_impl_flash_simulator_get_memory
FNDA:0,z_impl_flash_simulator_get_memory
DA:168,784
DA:172,784
BRDA:172,0,0,784
BRDA:172,0,1,0
DA:173,784
BRDA:173,0,0,0
BRDA:173,0,1,784
DA:175,0
DA:178,784
DA:181,784
DA:187,784
BRDA:187,0,0,0
BRDA:187,0,1,784
DA:188,0
DA:198,784
DA:200,784
DA:201,784
DA:209,784
DA:212,0
DA:218,0
BRDA:218,0,0,-
BRDA:218,0,1,-
DA:219,0
DA:227,0
DA:231,0
BRDA:231,0,0,-
BRDA:231,0,1,-
DA:232,0
BRDA:232,0,0,-
BRDA:232,0,1,-
DA:233,0
DA:235,0
DA:241,0
DA:243,0
BRDA:243,0,0,-
BRDA:243,0,1,-
DA:244,0
DA:245,0
BRDA:245,0,0,-
BRDA:245,0,1,-
DA:246,0
DA:247,0
DA:248,0
BRDA:248,0,0,-
BRDA:248,0,1,-
DA:249,0
BRDA:249,0,0,-
BRDA:249,0,1,-
DA:250,0
DA:253,0
DA:258,0
BRDA:258,0,0,-
BRDA:258,0,1,-
DA:260,0
BRDA:260,0,0,-
BRDA:260,0,1,-
DA:261,0
BRDA:261,0,0,-
BRDA:261,0,1,-
DA:262,0
DA:269,0
DA:275,0
DA:284,0
DA:287,0
DA:289,0
DA:293,0
DA:295,0
DA:297,0
DA:302,0
BRDA:302,0,0,-
BRDA:302,0,1,-
DA:303,0
DA:307,0
BRDA:307,0,0,-
BRDA:307,0,1,-
DA:308,0
BRDA:308,0,0,-
BRDA:308,0,1,-
DA:309,0
DA:312,0
DA:315,0
BRDA:315,0,0,-
BRDA:315,0,1,-
DA:316,0
DA:317,0
BRDA:317,0,0,-
BRDA:317,0,1,-
DA:318,0
DA:322,0
DA:326,0
BRDA:326,0,0,-
BRDA:326,0,1,-
DA:327,0
BRDA:327,0,0,-
BRDA:327,0,1,-
DA:328,0
DA:338,0
DA:347,2
DA:351,2
DA:352,2
DA:353,2
DA:357,2
DA:361,2
DA:376,1
DA:381,1
BRDA:381,0,0,1
BRDA:381,0,1,0
BRDA:381,0,2,1
BRDA:381,0,3,0
DA:382,1
DA:385,1
DA:389,1
BRDA:389,0,0,0
BRDA:389,0,1,1
DA:390,0
DA:392,1
DA:413,1
DA:415,1
DA:416,1
DA:418,1
DA:427,1
DA:429,1
DA:432,1
DA:434,1
DA:463,1
DA:464,1
DA:473,0
DA:478,0
DA:479,0
end_of_record
TN:
SF:/home/asset/zephyrproject/zephyr/drivers/flash/flash_page_layout.c
FN:11,flash_get_page_info
FNDA:1,flash_get_page_info
FN:45,z_impl_flash_get_page_info_by_offs
FNDA:1,z_impl_flash_get_page_info_by_offs
FN:51,z_impl_flash_get_page_info_by_idx
FNDA:0,z_impl_flash_get_page_info_by_idx
FN:58,z_impl_flash_get_page_count
FNDA:0,z_impl_flash_get_page_count
FN:75,flash_page_foreach
FNDA:1,flash_page_foreach
DA:11,1
DA:14,1
DA:19,1
DA:20,1
DA:22,1
DA:24,1
BRDA:24,0,0,1
BRDA:24,0,1,0
DA:25,1
DA:26,1
BRDA:26,0,0,0
BRDA:26,0,1,1
DA:27,0
DA:29,1
DA:32,1
DA:33,1
DA:34,1
DA:35,1
BRDA:35,0,0,1
BRDA:35,0,1,0
DA:36,1
DA:39,0
DA:42,0
DA:45,1
DA:48,1
DA:51,0
DA:55,0
DA:58,0
DA:60,0
DA:63,0
DA:65,0
DA:67,0
BRDA:67,0,0,-
BRDA:67,0,1,-
DA:68,0
DA:69,0
DA:72,0
DA:75,1
DA:78,1
DA:81,1
DA:82,1
DA:84,1
DA:86,1
BRDA:86,0,0,1
BRDA:86,0,1,0
DA:87,1
DA:88,1
DA:90,254
BRDA:90,0,0,254
BRDA:90,0,1,0
DA:91,254
DA:92,254
DA:94,254
BRDA:94,0,0,1
BRDA:94,0,1,253
DA:95,1
DA:98,253
DA:99,253
end_of_record
TN:
SF:/home/asset/zephyrproject/zephyr/drivers/timer/native_posix_timer.c
FN:30,sys_clock_cycle_get_32
FNDA:14,sys_clock_cycle_get_32
FN:35,sys_clock_cycle_get_64
FNDA:0,sys_clock_cycle_get_64
FN:44,np_timer_isr
FNDA:162,np_timer_isr
FN:58,np_timer_isr_test_hook
FNDA:0,np_timer_isr_test_hook
FN:76,sys_clock_set_timeout
FNDA:322,sys_clock_set_timeout
FN:105,sys_clock_elapsed
FNDA:939,sys_clock_elapsed
FN:115,sys_clock_disable
FNDA:0,sys_clock_disable
FN:126,sys_clock_driver_init
FNDA:1,sys_clock_driver_init
DA:30,14
DA:32,14
DA:35,0
DA:37,0
DA:44,162
DA:48,162
DA:49,162
DA:51,162
DA:52,162
DA:53,162
DA:58,0
DA:60,0
DA:61,0
DA:76,322
DA:86,322
BRDA:86,0,0,0
BRDA:86,0,1,322
DA:87,0
DA:88,322
BRDA:88,0,0,322
BRDA:88,0,1,0
DA:89,322
DA:91,0
DA:93,322
DA:95,322
DA:105,939
DA:107,939
DA:115,0
DA:117,0
DA:118,0
DA:119,0
DA:126,1
DA:129,1
DA:131,1
DA:132,1
DA:134,1
DA:135,1
DA:137,1
end_of_record
SF:/home/asset/zephyrproject/zephyr/boards/posix/native_sim/native_posix_compat.h
FN:31,hwm_get_time
FNDA:1116,hwm_get_time
DA:31,1116
DA:33,1116
end_of_record
SF:/home/asset/zephyrproject/zephyr/scripts/native_simulator/common/src/include/nsi_hw_scheduler.h
FN:19,nsi_hws_get_time
FNDA:1116,nsi_hws_get_time
DA:19,1116
DA:22,1116
end_of_record
TN:
SF:/home/asset/zephyrproject/zephyr/drivers/timer/sys_clock_init.c
FN:21,sys_clock_set_timeout
FNDA:0,sys_clock_set_timeout
FN:25,sys_clock_idle_exit
FNDA:0,sys_clock_idle_exit
DA:21,0
DA:23,0
DA:25,0
DA:27,0
end_of_record
TN:
SF:/home/asset/zephyrproject/zephyr/include/zephyr/bluetooth/gatt.h
FN:1188,bt_gatt_notify
FNDA:0,bt_gatt_notify
DA:1188,0
DA:1194,0
DA:1196,0
DA:1197,0
DA:1198,0
DA:1203,0
end_of_record
SF:/home/asset/zephyrproject/zephyr/samples/bluetooth/peripheral/src/cts.c
FN:28,ct_ccc_cfg_changed
FNDA:0,ct_ccc_cfg_changed
FN:33,read_ct
FNDA:0,read_ct
FN:42,write_ct
FNDA:0,write_ct
FN:68,generate_current_time
FNDA:1,generate_current_time
FN:95,cts_init
FNDA:1,cts_init
FN:101,cts_notify
FNDA:2,cts_notify
DA:28,0
DA:31,0
DA:33,0
DA:36,0
DA:38,0
DA:42,0
DA:46,0
DA:48,0
BRDA:48,0,0,-
BRDA:48,0,1,-
DA:49,0
DA:52,0
DA:53,0
DA:55,0
DA:68,1
DA:77,1
DA:78,1
DA:79,1
DA:80,1
DA:81,1
DA:82,1
DA:83,1
DA:86,1
DA:89,1
DA:92,1
DA:93,1
DA:95,1
DA:98,1
DA:99,1
DA:101,2
DA:103,2
BRDA:103,0,0,2
BRDA:103,0,1,0
DA:104,2
DA:107,0
DA:108,0
end_of_record
TN:
SF:/home/asset/zephyrproject/zephyr/samples/bluetooth/peripheral/src/main.c
FN:41,read_vnd
FNDA:0,read_vnd
FN:50,write_vnd
FNDA:0,write_vnd
FN:69,vnd_ccc_cfg_changed
FNDA:0,vnd_ccc_cfg_changed
FN:74,indicate_cb
FNDA:0,indicate_cb
FN:79,indicate_destroy
FNDA:0,indicate_destroy
FN:93,write_long_vnd
FNDA:0,write_long_vnd
FN:115,read_signed
FNDA:0,read_signed
FN:123,write_signed
FNDA:0,write_signed
FN:137,write_signed_v1
FNDA:0,write_signed_v1
FN:152,write_without_rsp_vnd
FNDA:0,write_without_rsp_vnd
FN:191,write_rsp
FNDA:0,write_rsp
FN:298,mtu_updated
FNDA:1,mtu_updated
FN:305,connected
FNDA:1,connected
FN:314,disconnected
FNDA:0,disconnected
FN:319,alert_stop
FNDA:0,alert_stop
FN:324,alert_start
FNDA:0,alert_start
FN:329,alert_high_start
FNDA:0,alert_high_start
FN:345,bt_ready
FNDA:1,bt_ready
FN:366,auth_passkey_display
FNDA:0,auth_passkey_display
FN:375,auth_cancel
FNDA:0,auth_cancel
FN:390,bas_notify
FNDA:2,bas_notify
FN:403,hrs_notify
FNDA:2,hrs_notify
FN:416,main
FNDA:1,main
DA:41,0
DA:44,0
DA:47,0
DA:50,0
DA:53,0
DA:59,0
DA:60,0
DA:62,0
DA:69,0
DA:71,0
DA:72,0
DA:74,0
DA:76,0
BRDA:76,0,0,-
BRDA:76,0,1,-
DA:77,0
DA:79,0
DA:81,0
DA:82,0
DA:83,0
DA:93,0
DA:96,0
DA:98,0
BRDA:98,0,0,-
BRDA:98,0,1,-
DA:99,0
DA:107,0
DA:108,0
DA:110,0
DA:115,0
DA:118,0
DA:120,0
DA:123,0
DA:126,0
DA:128,0
BRDA:128,0,0,-
BRDA:128,0,1,-
DA:129,0
DA:132,0
DA:134,0
DA:137,0
DA:140,0
DA:142,0
BRDA:142,0,0,-
BRDA:142,0,1,-
DA:143,0
DA:146,0
DA:148,0
DA:152,0
DA:155,0
DA:157,0
BRDA:157,0,0,-
BRDA:157,0,1,-
DA:158,0
DA:159,0
DA:160,0
DA:165,0
BRDA:165,0,0,-
BRDA:165,0,1,-
DA:169,0
DA:172,0
BRDA:172,0,0,-
BRDA:172,0,1,-
DA:173,0
DA:176,0
DA:177,0
BRDA:177,0,0,-
BRDA:177,0,1,-
DA:178,0
BRDA:178,0,0,-
BRDA:178,0,1,-
DA:180,0
DA:181,0
DA:185,0
DA:186,0
DA:188,0
DA:191,0
DA:194,0
DA:197,0
BRDA:197,0,0,-
BRDA:197,0,1,-
DA:199,0
DA:202,0
BRDA:202,0,0,-
BRDA:202,0,1,-
DA:203,0
DA:206,0
BRDA:206,0,0,-
BRDA:206,0,1,-
DA:207,0
DA:210,0
BRDA:210,0,0,-
BRDA:210,0,1,-
BRDA:210,0,2,-
BRDA:210,0,3,-
DA:211,0
DA:214,0
BRDA:214,0,0,-
BRDA:214,0,1,-
DA:215,0
DA:219,0
DA:220,0
BRDA:220,0,0,-
BRDA:220,0,1,-
DA:228,0
DA:230,0
DA:298,1
DA:300,1
DA:301,1
DA:305,1
DA:307,1
BRDA:307,0,0,0
BRDA:307,0,1,1
DA:308,0
DA:310,1
DA:312,1
DA:314,0
DA:316,0
DA:317,0
DA:319,0
DA:321,0
DA:322,0
DA:324,0
DA:326,0
DA:327,0
DA:329,0
DA:331,0
DA:332,0
DA:345,1
DA:349,1
DA:351,1
DA:354,1
DA:357,1
DA:358,1
BRDA:358,0,0,0
BRDA:358,0,1,1
DA:359,0
DA:360,0
DA:363,1
DA:366,0
DA:370,0
DA:372,0
DA:373,0
DA:375,0
DA:379,0
DA:381,0
DA:382,0
DA:390,2
DA:392,2
DA:394,2
DA:396,2
BRDA:396,0,0,0
BRDA:396,0,1,2
DA:397,0
DA:400,2
DA:401,2
DA:403,2
DA:408,2
DA:409,2
BRDA:409,0,0,0
BRDA:409,0,1,2
DA:410,0
DA:413,2
DA:414,2
DA:416,1
DA:422,1
DA:423,1
BRDA:423,0,0,0
BRDA:423,0,1,1
DA:424,0
DA:425,0
DA:428,1
DA:430,1
DA:431,1
DA:433,1
DA:434,1
DA:435,1
DA:440,2
DA:441,3
DA:444,2
DA:447,2
DA:450,2
DA:453,2
BRDA:453,0,0,0
BRDA:453,0,1,2
BRDA:453,0,2,0
BRDA:453,0,3,0
DA:454,0
BRDA:454,0,0,-
BRDA:454,0,1,-
DA:455,0
DA:458,0
DA:459,0
DA:460,0
DA:461,0
DA:462,0
DA:464,0
BRDA:464,0,0,-
BRDA:464,0,1,-
DA:465,0
end_of_record
SF:/home/asset/zephyrproject/build/zephyr/include/generated/syscalls/kernel.h
FN:126,k_sleep
FNDA:3,k_sleep
DA:126,3
DA:134,3
DA:135,3
end_of_record
SF:/home/asset/zephyrproject/zephyr/include/zephyr/bluetooth/addr.h
FN:242,bt_addr_le_to_str
FNDA:0,bt_addr_le_to_str
DA:242,0
DA:247,0
BRDA:247,0,0,-
BRDA:247,0,1,-
BRDA:247,0,2,-
BRDA:247,0,3,-
BRDA:247,0,4,-
DA:248,0
DA:249,0
DA:250,0
DA:251,0
DA:252,0
DA:253,0
DA:254,0
DA:255,0
DA:256,0
DA:257,0
DA:258,0
DA:259,0
DA:260,0
DA:261,0
DA:262,0
DA:265,0
DA:266,0
DA:267,0
end_of_record
